{"D:\\docker-dev\\shadowquillapp\\src\\components\\CustomSelect.tsx": {"path":"D:\\docker-dev\\shadowquillapp\\src\\components\\CustomSelect.tsx","statementMap":{"0":{"start":{"line":24,"column":57},"end":{"line":268,"column":null}},"1":{"start":{"line":34,"column":25},"end":{"line":34,"column":null}},"2":{"start":{"line":35,"column":35},"end":{"line":41,"column":null}},"3":{"start":{"line":42,"column":7},"end":{"line":42,"column":null}},"4":{"start":{"line":44,"column":24},"end":{"line":44,"column":null}},"5":{"start":{"line":44,"column":46},"end":{"line":44,"column":65}},"6":{"start":{"line":45,"column":21},"end":{"line":45,"column":null}},"7":{"start":{"line":47,"column":27},"end":{"line":91,"column":null}},"8":{"start":{"line":48,"column":2},"end":{"line":48,"column":null}},"9":{"start":{"line":48,"column":26},"end":{"line":48,"column":null}},"10":{"start":{"line":50,"column":15},"end":{"line":50,"column":null}},"11":{"start":{"line":51,"column":25},"end":{"line":51,"column":null}},"12":{"start":{"line":52,"column":24},"end":{"line":52,"column":null}},"13":{"start":{"line":55,"column":34},"end":{"line":55,"column":null}},"14":{"start":{"line":58,"column":21},"end":{"line":58,"column":null}},"15":{"start":{"line":59,"column":21},"end":{"line":59,"column":null}},"16":{"start":{"line":63,"column":3},"end":{"line":63,"column":null}},"17":{"start":{"line":66,"column":20},"end":{"line":70,"column":null}},"18":{"start":{"line":73,"column":13},"end":{"line":73,"column":null}},"19":{"start":{"line":74,"column":24},"end":{"line":74,"column":null}},"20":{"start":{"line":77,"column":2},"end":{"line":79,"column":null}},"21":{"start":{"line":78,"column":3},"end":{"line":78,"column":null}},"22":{"start":{"line":80,"column":2},"end":{"line":82,"column":null}},"23":{"start":{"line":81,"column":3},"end":{"line":81,"column":null}},"24":{"start":{"line":84,"column":2},"end":{"line":90,"column":null}},"25":{"start":{"line":93,"column":24},"end":{"line":101,"column":null}},"26":{"start":{"line":94,"column":2},"end":{"line":94,"column":null}},"27":{"start":{"line":94,"column":16},"end":{"line":94,"column":null}},"28":{"start":{"line":96,"column":2},"end":{"line":99,"column":null}},"29":{"start":{"line":97,"column":20},"end":{"line":97,"column":null}},"30":{"start":{"line":98,"column":3},"end":{"line":98,"column":null}},"31":{"start":{"line":100,"column":2},"end":{"line":100,"column":null}},"32":{"start":{"line":103,"column":22},"end":{"line":106,"column":null}},"33":{"start":{"line":104,"column":2},"end":{"line":104,"column":null}},"34":{"start":{"line":105,"column":2},"end":{"line":105,"column":null}},"35":{"start":{"line":109,"column":1},"end":{"line":132,"column":null}},"36":{"start":{"line":110,"column":29},"end":{"line":125,"column":null}},"37":{"start":{"line":111,"column":18},"end":{"line":111,"column":null}},"38":{"start":{"line":114,"column":3},"end":{"line":116,"column":null}},"39":{"start":{"line":115,"column":4},"end":{"line":115,"column":null}},"40":{"start":{"line":119,"column":3},"end":{"line":121,"column":null}},"41":{"start":{"line":120,"column":4},"end":{"line":120,"column":null}},"42":{"start":{"line":124,"column":3},"end":{"line":124,"column":null}},"43":{"start":{"line":127,"column":2},"end":{"line":130,"column":null}},"44":{"start":{"line":128,"column":3},"end":{"line":128,"column":null}},"45":{"start":{"line":129,"column":3},"end":{"line":129,"column":null}},"46":{"start":{"line":129,"column":16},"end":{"line":129,"column":null}},"47":{"start":{"line":131,"column":2},"end":{"line":131,"column":null}},"48":{"start":{"line":135,"column":1},"end":{"line":162,"column":null}},"49":{"start":{"line":136,"column":23},"end":{"line":140,"column":null}},"50":{"start":{"line":137,"column":3},"end":{"line":139,"column":null}},"51":{"start":{"line":138,"column":4},"end":{"line":138,"column":null}},"52":{"start":{"line":142,"column":29},"end":{"line":148,"column":null}},"53":{"start":{"line":143,"column":3},"end":{"line":147,"column":null}},"54":{"start":{"line":145,"column":21},"end":{"line":145,"column":null}},"55":{"start":{"line":146,"column":4},"end":{"line":146,"column":null}},"56":{"start":{"line":150,"column":2},"end":{"line":160,"column":null}},"57":{"start":{"line":151,"column":3},"end":{"line":151,"column":null}},"58":{"start":{"line":152,"column":3},"end":{"line":152,"column":null}},"59":{"start":{"line":153,"column":3},"end":{"line":153,"column":null}},"60":{"start":{"line":155,"column":3},"end":{"line":159,"column":null}},"61":{"start":{"line":156,"column":4},"end":{"line":156,"column":null}},"62":{"start":{"line":157,"column":4},"end":{"line":157,"column":null}},"63":{"start":{"line":158,"column":4},"end":{"line":158,"column":null}},"64":{"start":{"line":161,"column":2},"end":{"line":161,"column":null}},"65":{"start":{"line":164,"column":1},"end":{"line":266,"column":null}},"66":{"start":{"line":170,"column":5},"end":{"line":170,"column":null}},"67":{"start":{"line":171,"column":5},"end":{"line":171,"column":null}},"68":{"start":{"line":230,"column":7},"end":{"line":261,"column":null}},"69":{"start":{"line":234,"column":9},"end":{"line":234,"column":null}},"70":{"start":{"line":235,"column":9},"end":{"line":237,"column":null}},"71":{"start":{"line":236,"column":10},"end":{"line":236,"column":null}}},"fnMap":{"0":{"name":"(anonymous_0)","decl":{"start":{"line":24,"column":57},"end":{"line":24,"column":58}},"loc":{"start":{"line":33,"column":6},"end":{"line":268,"column":null}},"line":33},"1":{"name":"(anonymous_1)","decl":{"start":{"line":44,"column":37},"end":{"line":44,"column":38}},"loc":{"start":{"line":44,"column":46},"end":{"line":44,"column":65}},"line":44},"2":{"name":"(anonymous_2)","decl":{"start":{"line":47,"column":27},"end":{"line":47,"column":33}},"loc":{"start":{"line":47,"column":33},"end":{"line":91,"column":null}},"line":47},"3":{"name":"(anonymous_3)","decl":{"start":{"line":93,"column":24},"end":{"line":93,"column":30}},"loc":{"start":{"line":93,"column":30},"end":{"line":101,"column":null}},"line":93},"4":{"name":"(anonymous_4)","decl":{"start":{"line":103,"column":22},"end":{"line":103,"column":23}},"loc":{"start":{"line":103,"column":47},"end":{"line":106,"column":null}},"line":103},"5":{"name":"(anonymous_5)","decl":{"start":{"line":109,"column":11},"end":{"line":109,"column":17}},"loc":{"start":{"line":109,"column":17},"end":{"line":132,"column":4}},"line":109},"6":{"name":"(anonymous_6)","decl":{"start":{"line":110,"column":29},"end":{"line":110,"column":30}},"loc":{"start":{"line":110,"column":52},"end":{"line":125,"column":null}},"line":110},"7":{"name":"(anonymous_7)","decl":{"start":{"line":129,"column":10},"end":{"line":129,"column":16}},"loc":{"start":{"line":129,"column":16},"end":{"line":129,"column":null}},"line":129},"8":{"name":"(anonymous_8)","decl":{"start":{"line":135,"column":11},"end":{"line":135,"column":17}},"loc":{"start":{"line":135,"column":17},"end":{"line":162,"column":4}},"line":135},"9":{"name":"(anonymous_9)","decl":{"start":{"line":136,"column":23},"end":{"line":136,"column":24}},"loc":{"start":{"line":136,"column":49},"end":{"line":140,"column":null}},"line":136},"10":{"name":"(anonymous_10)","decl":{"start":{"line":142,"column":29},"end":{"line":142,"column":35}},"loc":{"start":{"line":142,"column":35},"end":{"line":148,"column":null}},"line":142},"11":{"name":"(anonymous_11)","decl":{"start":{"line":155,"column":10},"end":{"line":155,"column":16}},"loc":{"start":{"line":155,"column":16},"end":{"line":159,"column":null}},"line":155},"12":{"name":"(anonymous_12)","decl":{"start":{"line":169,"column":13},"end":{"line":169,"column":14}},"loc":{"start":{"line":169,"column":20},"end":{"line":172,"column":null}},"line":169},"13":{"name":"(anonymous_13)","decl":{"start":{"line":229,"column":19},"end":{"line":229,"column":20}},"loc":{"start":{"line":230,"column":7},"end":{"line":261,"column":null}},"line":230},"14":{"name":"(anonymous_14)","decl":{"start":{"line":233,"column":17},"end":{"line":233,"column":18}},"loc":{"start":{"line":233,"column":24},"end":{"line":238,"column":null}},"line":233}},"branchMap":{"0":{"loc":{"start":{"line":28,"column":1},"end":{"line":28,"column":null}},"type":"default-arg","locations":[{"start":{"line":28,"column":15},"end":{"line":28,"column":null}}],"line":28},"1":{"loc":{"start":{"line":29,"column":1},"end":{"line":29,"column":null}},"type":"default-arg","locations":[{"start":{"line":29,"column":13},"end":{"line":29,"column":null}}],"line":29},"2":{"loc":{"start":{"line":30,"column":1},"end":{"line":30,"column":null}},"type":"default-arg","locations":[{"start":{"line":30,"column":12},"end":{"line":30,"column":null}}],"line":30},"3":{"loc":{"start":{"line":45,"column":21},"end":{"line":45,"column":null}},"type":"binary-expr","locations":[{"start":{"line":45,"column":21},"end":{"line":45,"column":46}},{"start":{"line":45,"column":46},"end":{"line":45,"column":null}}],"line":45},"4":{"loc":{"start":{"line":48,"column":2},"end":{"line":48,"column":null}},"type":"if","locations":[{"start":{"line":48,"column":2},"end":{"line":48,"column":null}},{"start":{},"end":{}}],"line":48},"5":{"loc":{"start":{"line":63,"column":3},"end":{"line":63,"column":null}},"type":"binary-expr","locations":[{"start":{"line":63,"column":3},"end":{"line":63,"column":43}},{"start":{"line":63,"column":43},"end":{"line":63,"column":null}}],"line":63},"6":{"loc":{"start":{"line":68,"column":3},"end":{"line":68,"column":null}},"type":"cond-expr","locations":[{"start":{"line":68,"column":16},"end":{"line":68,"column":29}},{"start":{"line":68,"column":29},"end":{"line":68,"column":null}}],"line":68},"7":{"loc":{"start":{"line":77,"column":2},"end":{"line":79,"column":null}},"type":"if","locations":[{"start":{"line":77,"column":2},"end":{"line":79,"column":null}},{"start":{},"end":{}}],"line":77},"8":{"loc":{"start":{"line":80,"column":2},"end":{"line":82,"column":null}},"type":"if","locations":[{"start":{"line":80,"column":2},"end":{"line":82,"column":null}},{"start":{},"end":{}}],"line":80},"9":{"loc":{"start":{"line":85,"column":8},"end":{"line":85,"column":null}},"type":"cond-expr","locations":[{"start":{"line":85,"column":21},"end":{"line":85,"column":48}},{"start":{"line":85,"column":48},"end":{"line":85,"column":null}}],"line":85},"10":{"loc":{"start":{"line":94,"column":2},"end":{"line":94,"column":null}},"type":"if","locations":[{"start":{"line":94,"column":2},"end":{"line":94,"column":null}},{"start":{},"end":{}}],"line":94},"11":{"loc":{"start":{"line":96,"column":2},"end":{"line":99,"column":null}},"type":"if","locations":[{"start":{"line":96,"column":2},"end":{"line":99,"column":null}},{"start":{},"end":{}}],"line":96},"12":{"loc":{"start":{"line":114,"column":3},"end":{"line":116,"column":null}},"type":"if","locations":[{"start":{"line":114,"column":3},"end":{"line":116,"column":null}},{"start":{},"end":{}}],"line":114},"13":{"loc":{"start":{"line":119,"column":3},"end":{"line":121,"column":null}},"type":"if","locations":[{"start":{"line":119,"column":3},"end":{"line":121,"column":null}},{"start":{},"end":{}}],"line":119},"14":{"loc":{"start":{"line":127,"column":2},"end":{"line":130,"column":null}},"type":"if","locations":[{"start":{"line":127,"column":2},"end":{"line":130,"column":null}},{"start":{},"end":{}}],"line":127},"15":{"loc":{"start":{"line":137,"column":3},"end":{"line":139,"column":null}},"type":"if","locations":[{"start":{"line":137,"column":3},"end":{"line":139,"column":null}},{"start":{},"end":{}}],"line":137},"16":{"loc":{"start":{"line":143,"column":3},"end":{"line":147,"column":null}},"type":"if","locations":[{"start":{"line":143,"column":3},"end":{"line":147,"column":null}},{"start":{},"end":{}}],"line":143},"17":{"loc":{"start":{"line":150,"column":2},"end":{"line":160,"column":null}},"type":"if","locations":[{"start":{"line":150,"column":2},"end":{"line":160,"column":null}},{"start":{},"end":{}}],"line":150},"18":{"loc":{"start":{"line":194,"column":48},"end":{"line":194,"column":82}},"type":"cond-expr","locations":[{"start":{"line":194,"column":65},"end":{"line":194,"column":70}},{"start":{"line":194,"column":70},"end":{"line":194,"column":82}}],"line":194},"19":{"loc":{"start":{"line":195,"column":6},"end":{"line":196,"column":null}},"type":"binary-expr","locations":[{"start":{"line":195,"column":6},"end":{"line":195,"column":null}},{"start":{"line":196,"column":6},"end":{"line":196,"column":null}}],"line":195},"20":{"loc":{"start":{"line":201,"column":62},"end":{"line":201,"column":88}},"type":"cond-expr","locations":[{"start":{"line":201,"column":71},"end":{"line":201,"column":86}},{"start":{"line":201,"column":86},"end":{"line":201,"column":88}}],"line":201},"21":{"loc":{"start":{"line":211,"column":4},"end":{"line":265,"column":null}},"type":"binary-expr","locations":[{"start":{"line":211,"column":4},"end":{"line":211,"column":null}},{"start":{"line":212,"column":4},"end":{"line":212,"column":null}},{"start":{"line":213,"column":4},"end":{"line":213,"column":null}},{"start":{"line":213,"column":24},"end":{"line":265,"column":null}}],"line":211},"22":{"loc":{"start":{"line":218,"column":7},"end":{"line":220,"column":null}},"type":"cond-expr","locations":[{"start":{"line":219,"column":10},"end":{"line":219,"column":null}},{"start":{"line":220,"column":10},"end":{"line":220,"column":null}}],"line":218},"23":{"loc":{"start":{"line":235,"column":9},"end":{"line":237,"column":null}},"type":"if","locations":[{"start":{"line":235,"column":9},"end":{"line":237,"column":null}},{"start":{},"end":{}}],"line":235},"24":{"loc":{"start":{"line":241,"column":18},"end":{"line":241,"column":null}},"type":"cond-expr","locations":[{"start":{"line":241,"column":36},"end":{"line":241,"column":42}},{"start":{"line":241,"column":42},"end":{"line":241,"column":null}}],"line":241},"25":{"loc":{"start":{"line":242,"column":17},"end":{"line":242,"column":null}},"type":"cond-expr","locations":[{"start":{"line":242,"column":35},"end":{"line":242,"column":51}},{"start":{"line":242,"column":51},"end":{"line":242,"column":null}}],"line":242},"26":{"loc":{"start":{"line":244,"column":10},"end":{"line":246,"column":null}},"type":"cond-expr","locations":[{"start":{"line":245,"column":13},"end":{"line":245,"column":null}},{"start":{"line":246,"column":13},"end":{"line":246,"column":null}}],"line":244},"27":{"loc":{"start":{"line":248,"column":10},"end":{"line":250,"column":null}},"type":"cond-expr","locations":[{"start":{"line":249,"column":13},"end":{"line":249,"column":null}},{"start":{"line":250,"column":13},"end":{"line":250,"column":null}}],"line":248},"28":{"loc":{"start":{"line":256,"column":10},"end":{"line":257,"column":null}},"type":"binary-expr","locations":[{"start":{"line":256,"column":10},"end":{"line":256,"column":null}},{"start":{"line":257,"column":10},"end":{"line":257,"column":null}}],"line":256}},"s":{"0":1,"1":32,"2":32,"3":32,"4":32,"5":87,"6":32,"7":32,"8":10,"9":0,"10":10,"11":10,"12":10,"13":10,"14":10,"15":10,"16":10,"17":10,"18":10,"19":10,"20":10,"21":0,"22":10,"23":10,"24":10,"25":32,"26":11,"27":0,"28":11,"29":10,"30":10,"31":11,"32":32,"33":2,"34":2,"35":32,"36":32,"37":0,"38":0,"39":0,"40":0,"41":0,"42":0,"43":32,"44":10,"45":10,"46":10,"47":22,"48":32,"49":32,"50":1,"51":1,"52":32,"53":0,"54":0,"55":0,"56":32,"57":10,"58":10,"59":10,"60":10,"61":10,"62":10,"63":10,"64":22,"65":32,"66":11,"67":11,"68":28,"69":2,"70":2,"71":2},"f":{"0":32,"1":87,"2":10,"3":11,"4":2,"5":32,"6":0,"7":10,"8":32,"9":1,"10":0,"11":10,"12":11,"13":28,"14":2},"b":{"0":[32],"1":[32],"2":[32],"3":[32,27],"4":[0,10],"5":[10,0],"6":[0,10],"7":[0,10],"8":[10,0],"9":[0,10],"10":[0,11],"11":[10,1],"12":[0,0],"13":[0,0],"14":[10,22],"15":[1,0],"16":[0,0],"17":[10,22],"18":[5,27],"19":[32,2],"20":[10,22],"21":[32,10,10,10],"22":[0,10],"23":[2,0],"24":[1,27],"25":[1,27],"26":[2,26],"27":[2,26],"28":[28,2]},"meta":{"lastBranch":29,"lastFunction":15,"lastStatement":72,"seen":{"s:24:57:268:Infinity":0,"f:24:57:24:58":0,"b:28:15:28:Infinity":0,"b:29:13:29:Infinity":1,"b:30:12:30:Infinity":2,"s:34:25:34:Infinity":1,"s:35:35:41:Infinity":2,"s:42:7:42:Infinity":3,"s:44:24:44:Infinity":4,"f:44:37:44:38":1,"s:44:46:44:65":5,"s:45:21:45:Infinity":6,"b:45:21:45:46:45:46:45:Infinity":3,"s:47:27:91:Infinity":7,"f:47:27:47:33":2,"b:48:2:48:Infinity:undefined:undefined:undefined:undefined":4,"s:48:2:48:Infinity":8,"s:48:26:48:Infinity":9,"s:50:15:50:Infinity":10,"s:51:25:51:Infinity":11,"s:52:24:52:Infinity":12,"s:55:34:55:Infinity":13,"s:58:21:58:Infinity":14,"s:59:21:59:Infinity":15,"s:63:3:63:Infinity":16,"b:63:3:63:43:63:43:63:Infinity":5,"s:66:20:70:Infinity":17,"b:68:16:68:29:68:29:68:Infinity":6,"s:73:13:73:Infinity":18,"s:74:24:74:Infinity":19,"b:77:2:79:Infinity:undefined:undefined:undefined:undefined":7,"s:77:2:79:Infinity":20,"s:78:3:78:Infinity":21,"b:80:2:82:Infinity:undefined:undefined:undefined:undefined":8,"s:80:2:82:Infinity":22,"s:81:3:81:Infinity":23,"s:84:2:90:Infinity":24,"b:85:21:85:48:85:48:85:Infinity":9,"s:93:24:101:Infinity":25,"f:93:24:93:30":3,"b:94:2:94:Infinity:undefined:undefined:undefined:undefined":10,"s:94:2:94:Infinity":26,"s:94:16:94:Infinity":27,"b:96:2:99:Infinity:undefined:undefined:undefined:undefined":11,"s:96:2:99:Infinity":28,"s:97:20:97:Infinity":29,"s:98:3:98:Infinity":30,"s:100:2:100:Infinity":31,"s:103:22:106:Infinity":32,"f:103:22:103:23":4,"s:104:2:104:Infinity":33,"s:105:2:105:Infinity":34,"s:109:1:132:Infinity":35,"f:109:11:109:17":5,"s:110:29:125:Infinity":36,"f:110:29:110:30":6,"s:111:18:111:Infinity":37,"b:114:3:116:Infinity:undefined:undefined:undefined:undefined":12,"s:114:3:116:Infinity":38,"s:115:4:115:Infinity":39,"b:119:3:121:Infinity:undefined:undefined:undefined:undefined":13,"s:119:3:121:Infinity":40,"s:120:4:120:Infinity":41,"s:124:3:124:Infinity":42,"b:127:2:130:Infinity:undefined:undefined:undefined:undefined":14,"s:127:2:130:Infinity":43,"s:128:3:128:Infinity":44,"s:129:3:129:Infinity":45,"f:129:10:129:16":7,"s:129:16:129:Infinity":46,"s:131:2:131:Infinity":47,"s:135:1:162:Infinity":48,"f:135:11:135:17":8,"s:136:23:140:Infinity":49,"f:136:23:136:24":9,"b:137:3:139:Infinity:undefined:undefined:undefined:undefined":15,"s:137:3:139:Infinity":50,"s:138:4:138:Infinity":51,"s:142:29:148:Infinity":52,"f:142:29:142:35":10,"b:143:3:147:Infinity:undefined:undefined:undefined:undefined":16,"s:143:3:147:Infinity":53,"s:145:21:145:Infinity":54,"s:146:4:146:Infinity":55,"b:150:2:160:Infinity:undefined:undefined:undefined:undefined":17,"s:150:2:160:Infinity":56,"s:151:3:151:Infinity":57,"s:152:3:152:Infinity":58,"s:153:3:153:Infinity":59,"s:155:3:159:Infinity":60,"f:155:10:155:16":11,"s:156:4:156:Infinity":61,"s:157:4:157:Infinity":62,"s:158:4:158:Infinity":63,"s:161:2:161:Infinity":64,"s:164:1:266:Infinity":65,"f:169:13:169:14":12,"s:170:5:170:Infinity":66,"s:171:5:171:Infinity":67,"b:194:65:194:70:194:70:194:82":18,"b:195:6:195:Infinity:196:6:196:Infinity":19,"b:201:71:201:86:201:86:201:88":20,"b:211:4:211:Infinity:212:4:212:Infinity:213:4:213:Infinity:213:24:265:Infinity":21,"b:219:10:219:Infinity:220:10:220:Infinity":22,"f:229:19:229:20":13,"s:230:7:261:Infinity":68,"f:233:17:233:18":14,"s:234:9:234:Infinity":69,"b:235:9:237:Infinity:undefined:undefined:undefined:undefined":23,"s:235:9:237:Infinity":70,"s:236:10:236:Infinity":71,"b:241:36:241:42:241:42:241:Infinity":24,"b:242:35:242:51:242:51:242:Infinity":25,"b:245:13:245:Infinity:246:13:246:Infinity":26,"b:249:13:249:Infinity:250:13:250:Infinity":27,"b:256:10:256:Infinity:257:10:257:Infinity":28}}}
,"D:\\docker-dev\\shadowquillapp\\src\\components\\DialogProvider.tsx": {"path":"D:\\docker-dev\\shadowquillapp\\src\\components\\DialogProvider.tsx","statementMap":{"0":{"start":{"line":45,"column":6},"end":{"line":48,"column":null}},"1":{"start":{"line":47,"column":22},"end":{"line":47,"column":null}},"2":{"start":{"line":51,"column":1},"end":{"line":51,"column":null}},"3":{"start":{"line":54,"column":71},"end":{"line":197,"column":null}},"4":{"start":{"line":57,"column":23},"end":{"line":57,"column":null}},"5":{"start":{"line":59,"column":16},"end":{"line":59,"column":null}},"6":{"start":{"line":61,"column":7},"end":{"line":78,"column":null}},"7":{"start":{"line":63,"column":3},"end":{"line":75,"column":null}},"8":{"start":{"line":64,"column":4},"end":{"line":64,"column":null}},"9":{"start":{"line":64,"column":22},"end":{"line":64,"column":null}},"10":{"start":{"line":65,"column":19},"end":{"line":65,"column":null}},"11":{"start":{"line":66,"column":17},"end":{"line":66,"column":null}},"12":{"start":{"line":67,"column":4},"end":{"line":73,"column":null}},"13":{"start":{"line":68,"column":5},"end":{"line":72,"column":null}},"14":{"start":{"line":69,"column":7},"end":{"line":69,"column":null}},"15":{"start":{"line":71,"column":7},"end":{"line":71,"column":null}},"16":{"start":{"line":74,"column":4},"end":{"line":74,"column":null}},"17":{"start":{"line":80,"column":7},"end":{"line":84,"column":null}},"18":{"start":{"line":81,"column":2},"end":{"line":83,"column":null}},"19":{"start":{"line":82,"column":3},"end":{"line":82,"column":null}},"20":{"start":{"line":82,"column":22},"end":{"line":82,"column":67}},"21":{"start":{"line":86,"column":7},"end":{"line":90,"column":null}},"22":{"start":{"line":87,"column":2},"end":{"line":89,"column":null}},"23":{"start":{"line":88,"column":3},"end":{"line":88,"column":null}},"24":{"start":{"line":88,"column":22},"end":{"line":88,"column":70}},"25":{"start":{"line":93,"column":1},"end":{"line":106,"column":null}},"26":{"start":{"line":94,"column":2},"end":{"line":94,"column":null}},"27":{"start":{"line":94,"column":15},"end":{"line":94,"column":null}},"28":{"start":{"line":95,"column":16},"end":{"line":103,"column":null}},"29":{"start":{"line":96,"column":3},"end":{"line":102,"column":null}},"30":{"start":{"line":97,"column":4},"end":{"line":97,"column":null}},"31":{"start":{"line":98,"column":4},"end":{"line":98,"column":null}},"32":{"start":{"line":99,"column":3},"end":{"line":102,"column":null}},"33":{"start":{"line":100,"column":4},"end":{"line":100,"column":null}},"34":{"start":{"line":101,"column":4},"end":{"line":101,"column":null}},"35":{"start":{"line":104,"column":2},"end":{"line":104,"column":null}},"36":{"start":{"line":105,"column":2},"end":{"line":105,"column":null}},"37":{"start":{"line":105,"column":15},"end":{"line":105,"column":null}},"38":{"start":{"line":109,"column":1},"end":{"line":129,"column":null}},"39":{"start":{"line":110,"column":18},"end":{"line":122,"column":null}},"40":{"start":{"line":111,"column":3},"end":{"line":121,"column":null}},"41":{"start":{"line":112,"column":20},"end":{"line":112,"column":null}},"42":{"start":{"line":114,"column":5},"end":{"line":114,"column":null}},"43":{"start":{"line":115,"column":20},"end":{"line":115,"column":null}},"44":{"start":{"line":116,"column":4},"end":{"line":120,"column":null}},"45":{"start":{"line":123,"column":2},"end":{"line":128,"column":null}},"46":{"start":{"line":124,"column":3},"end":{"line":124,"column":null}},"47":{"start":{"line":125,"column":3},"end":{"line":125,"column":null}},"48":{"start":{"line":125,"column":16},"end":{"line":125,"column":null}},"49":{"start":{"line":127,"column":3},"end":{"line":127,"column":null}},"50":{"start":{"line":131,"column":7},"end":{"line":137,"column":null}},"51":{"start":{"line":132,"column":9},"end":{"line":135,"column":null}},"52":{"start":{"line":139,"column":1},"end":{"line":195,"column":null}},"53":{"start":{"line":149,"column":52},"end":{"line":149,"column":null}},"54":{"start":{"line":172,"column":26},"end":{"line":172,"column":null}},"55":{"start":{"line":179,"column":17},"end":{"line":179,"column":null}},"56":{"start":{"line":185,"column":25},"end":{"line":185,"column":null}},"57":{"start":{"line":203,"column":15},"end":{"line":203,"column":null}},"58":{"start":{"line":204,"column":14},"end":{"line":204,"column":null}},"59":{"start":{"line":205,"column":1},"end":{"line":211,"column":null}},"60":{"start":{"line":206,"column":2},"end":{"line":209,"column":null}},"61":{"start":{"line":212,"column":1},"end":{"line":218,"column":null}},"62":{"start":{"line":213,"column":2},"end":{"line":216,"column":null}},"63":{"start":{"line":219,"column":1},"end":{"line":222,"column":null}}},"fnMap":{"0":{"name":"(anonymous_0)","decl":{"start":{"line":46,"column":11},"end":{"line":46,"column":23}},"loc":{"start":{"line":46,"column":23},"end":{"line":46,"column":null}},"line":46},"1":{"name":"(anonymous_1)","decl":{"start":{"line":47,"column":10},"end":{"line":47,"column":22}},"loc":{"start":{"line":47,"column":22},"end":{"line":47,"column":null}},"line":47},"2":{"name":"useDialog","decl":{"start":{"line":50,"column":16},"end":{"line":50,"column":48}},"loc":{"start":{"line":50,"column":48},"end":{"line":52,"column":null}},"line":50},"3":{"name":"(anonymous_3)","decl":{"start":{"line":54,"column":71},"end":{"line":54,"column":72}},"loc":{"start":{"line":56,"column":6},"end":{"line":197,"column":null}},"line":56},"4":{"name":"(anonymous_4)","decl":{"start":{"line":62,"column":2},"end":{"line":62,"column":3}},"loc":{"start":{"line":62,"column":24},"end":{"line":76,"column":null}},"line":62},"5":{"name":"(anonymous_5)","decl":{"start":{"line":63,"column":12},"end":{"line":63,"column":13}},"loc":{"start":{"line":63,"column":22},"end":{"line":75,"column":4}},"line":63},"6":{"name":"(anonymous_6)","decl":{"start":{"line":80,"column":30},"end":{"line":80,"column":31}},"loc":{"start":{"line":80,"column":62},"end":{"line":84,"column":4}},"line":80},"7":{"name":"(anonymous_7)","decl":{"start":{"line":81,"column":27},"end":{"line":81,"column":28}},"loc":{"start":{"line":81,"column":40},"end":{"line":83,"column":3}},"line":81},"8":{"name":"(anonymous_8)","decl":{"start":{"line":82,"column":12},"end":{"line":82,"column":13}},"loc":{"start":{"line":82,"column":22},"end":{"line":82,"column":67}},"line":82},"9":{"name":"(anonymous_9)","decl":{"start":{"line":86,"column":29},"end":{"line":86,"column":30}},"loc":{"start":{"line":86,"column":64},"end":{"line":90,"column":4}},"line":86},"10":{"name":"(anonymous_10)","decl":{"start":{"line":87,"column":30},"end":{"line":87,"column":31}},"loc":{"start":{"line":87,"column":43},"end":{"line":89,"column":3}},"line":87},"11":{"name":"(anonymous_11)","decl":{"start":{"line":88,"column":12},"end":{"line":88,"column":13}},"loc":{"start":{"line":88,"column":22},"end":{"line":88,"column":70}},"line":88},"12":{"name":"(anonymous_12)","decl":{"start":{"line":93,"column":11},"end":{"line":93,"column":17}},"loc":{"start":{"line":93,"column":17},"end":{"line":106,"column":4}},"line":93},"13":{"name":"(anonymous_13)","decl":{"start":{"line":95,"column":16},"end":{"line":95,"column":17}},"loc":{"start":{"line":95,"column":38},"end":{"line":103,"column":null}},"line":95},"14":{"name":"(anonymous_14)","decl":{"start":{"line":105,"column":9},"end":{"line":105,"column":15}},"loc":{"start":{"line":105,"column":15},"end":{"line":105,"column":null}},"line":105},"15":{"name":"(anonymous_15)","decl":{"start":{"line":109,"column":11},"end":{"line":109,"column":17}},"loc":{"start":{"line":109,"column":17},"end":{"line":129,"column":4}},"line":109},"16":{"name":"(anonymous_16)","decl":{"start":{"line":110,"column":18},"end":{"line":110,"column":19}},"loc":{"start":{"line":110,"column":32},"end":{"line":122,"column":null}},"line":110},"17":{"name":"(anonymous_17)","decl":{"start":{"line":125,"column":10},"end":{"line":125,"column":16}},"loc":{"start":{"line":125,"column":16},"end":{"line":125,"column":null}},"line":125},"18":{"name":"(anonymous_18)","decl":{"start":{"line":127,"column":10},"end":{"line":127,"column":16}},"loc":{"start":{"line":127,"column":16},"end":{"line":127,"column":null}},"line":127},"19":{"name":"(anonymous_19)","decl":{"start":{"line":132,"column":2},"end":{"line":132,"column":9}},"loc":{"start":{"line":132,"column":9},"end":{"line":135,"column":null}},"line":132},"20":{"name":"(anonymous_20)","decl":{"start":{"line":149,"column":45},"end":{"line":149,"column":46}},"loc":{"start":{"line":149,"column":52},"end":{"line":149,"column":null}},"line":149},"21":{"name":"(anonymous_21)","decl":{"start":{"line":172,"column":20},"end":{"line":172,"column":26}},"loc":{"start":{"line":172,"column":26},"end":{"line":172,"column":null}},"line":172},"22":{"name":"(anonymous_22)","decl":{"start":{"line":179,"column":11},"end":{"line":179,"column":17}},"loc":{"start":{"line":179,"column":17},"end":{"line":179,"column":null}},"line":179},"23":{"name":"(anonymous_23)","decl":{"start":{"line":185,"column":19},"end":{"line":185,"column":25}},"loc":{"start":{"line":185,"column":25},"end":{"line":185,"column":null}},"line":185},"24":{"name":"renderConfirmButton","decl":{"start":{"line":199,"column":9},"end":{"line":199,"column":null}},"loc":{"start":{"line":202,"column":2},"end":{"line":224,"column":null}},"line":202}},"branchMap":{"0":{"loc":{"start":{"line":59,"column":16},"end":{"line":59,"column":null}},"type":"binary-expr","locations":[{"start":{"line":59,"column":16},"end":{"line":59,"column":28}},{"start":{"line":59,"column":28},"end":{"line":59,"column":null}}],"line":59},"1":{"loc":{"start":{"line":64,"column":4},"end":{"line":64,"column":null}},"type":"if","locations":[{"start":{"line":64,"column":4},"end":{"line":64,"column":null}},{"start":{},"end":{}}],"line":64},"2":{"loc":{"start":{"line":68,"column":5},"end":{"line":72,"column":null}},"type":"if","locations":[{"start":{"line":68,"column":5},"end":{"line":72,"column":null}},{"start":{"line":70,"column":12},"end":{"line":72,"column":null}}],"line":68},"3":{"loc":{"start":{"line":94,"column":2},"end":{"line":94,"column":null}},"type":"if","locations":[{"start":{"line":94,"column":2},"end":{"line":94,"column":null}},{"start":{},"end":{}}],"line":94},"4":{"loc":{"start":{"line":96,"column":3},"end":{"line":102,"column":null}},"type":"if","locations":[{"start":{"line":96,"column":3},"end":{"line":102,"column":null}},{"start":{"line":99,"column":3},"end":{"line":102,"column":null}}],"line":96},"5":{"loc":{"start":{"line":99,"column":3},"end":{"line":102,"column":null}},"type":"if","locations":[{"start":{"line":99,"column":3},"end":{"line":102,"column":null}},{"start":{},"end":{}}],"line":99},"6":{"loc":{"start":{"line":112,"column":20},"end":{"line":112,"column":null}},"type":"binary-expr","locations":[{"start":{"line":112,"column":20},"end":{"line":112,"column":51}},{"start":{"line":112,"column":51},"end":{"line":112,"column":null}}],"line":112},"7":{"loc":{"start":{"line":114,"column":5},"end":{"line":114,"column":null}},"type":"cond-expr","locations":[{"start":{"line":114,"column":40},"end":{"line":114,"column":55}},{"start":{"line":114,"column":55},"end":{"line":114,"column":null}}],"line":114},"8":{"loc":{"start":{"line":115,"column":20},"end":{"line":115,"column":null}},"type":"binary-expr","locations":[{"start":{"line":115,"column":20},"end":{"line":115,"column":38}},{"start":{"line":115,"column":38},"end":{"line":115,"column":null}}],"line":115},"9":{"loc":{"start":{"line":119,"column":13},"end":{"line":119,"column":null}},"type":"cond-expr","locations":[{"start":{"line":119,"column":49},"end":{"line":119,"column":65}},{"start":{"line":119,"column":65},"end":{"line":119,"column":null}}],"line":119},"10":{"loc":{"start":{"line":142,"column":4},"end":{"line":193,"column":null}},"type":"binary-expr","locations":[{"start":{"line":142,"column":4},"end":{"line":142,"column":null}},{"start":{"line":143,"column":4},"end":{"line":193,"column":null}}],"line":142},"11":{"loc":{"start":{"line":152,"column":9},"end":{"line":153,"column":null}},"type":"binary-expr","locations":[{"start":{"line":152,"column":9},"end":{"line":152,"column":null}},{"start":{"line":153,"column":10},"end":{"line":153,"column":null}}],"line":152},"12":{"loc":{"start":{"line":153,"column":10},"end":{"line":153,"column":null}},"type":"cond-expr","locations":[{"start":{"line":153,"column":35},"end":{"line":153,"column":51}},{"start":{"line":153,"column":51},"end":{"line":153,"column":null}}],"line":153},"13":{"loc":{"start":{"line":168,"column":9},"end":{"line":188,"column":null}},"type":"cond-expr","locations":[{"start":{"line":169,"column":9},"end":{"line":181,"column":null}},{"start":{"line":183,"column":9},"end":{"line":188,"column":null}}],"line":168},"14":{"loc":{"start":{"line":174,"column":13},"end":{"line":175,"column":null}},"type":"binary-expr","locations":[{"start":{"line":174,"column":13},"end":{"line":174,"column":null}},{"start":{"line":175,"column":12},"end":{"line":175,"column":null}}],"line":174},"15":{"loc":{"start":{"line":187,"column":12},"end":{"line":187,"column":null}},"type":"binary-expr","locations":[{"start":{"line":187,"column":12},"end":{"line":187,"column":59}},{"start":{"line":187,"column":59},"end":{"line":187,"column":null}}],"line":187},"16":{"loc":{"start":{"line":203,"column":15},"end":{"line":203,"column":null}},"type":"binary-expr","locations":[{"start":{"line":203,"column":15},"end":{"line":203,"column":38}},{"start":{"line":203,"column":38},"end":{"line":203,"column":null}}],"line":203},"17":{"loc":{"start":{"line":204,"column":14},"end":{"line":204,"column":null}},"type":"binary-expr","locations":[{"start":{"line":204,"column":14},"end":{"line":204,"column":30}},{"start":{"line":204,"column":30},"end":{"line":204,"column":null}}],"line":204},"18":{"loc":{"start":{"line":205,"column":1},"end":{"line":211,"column":null}},"type":"if","locations":[{"start":{"line":205,"column":1},"end":{"line":211,"column":null}},{"start":{},"end":{}}],"line":205},"19":{"loc":{"start":{"line":212,"column":1},"end":{"line":218,"column":null}},"type":"if","locations":[{"start":{"line":212,"column":1},"end":{"line":218,"column":null}},{"start":{},"end":{}}],"line":212}},"s":{"0":0,"1":0,"2":0,"3":0,"4":0,"5":0,"6":0,"7":0,"8":0,"9":0,"10":0,"11":0,"12":0,"13":0,"14":0,"15":0,"16":0,"17":0,"18":0,"19":0,"20":0,"21":0,"22":0,"23":0,"24":0,"25":0,"26":0,"27":0,"28":0,"29":0,"30":0,"31":0,"32":0,"33":0,"34":0,"35":0,"36":0,"37":0,"38":0,"39":0,"40":0,"41":0,"42":0,"43":0,"44":0,"45":0,"46":0,"47":0,"48":0,"49":0,"50":0,"51":0,"52":0,"53":0,"54":0,"55":0,"56":0,"57":0,"58":0,"59":0,"60":0,"61":0,"62":0,"63":0},"f":{"0":0,"1":0,"2":0,"3":0,"4":0,"5":0,"6":0,"7":0,"8":0,"9":0,"10":0,"11":0,"12":0,"13":0,"14":0,"15":0,"16":0,"17":0,"18":0,"19":0,"20":0,"21":0,"22":0,"23":0,"24":0},"b":{"0":[0,0],"1":[0,0],"2":[0,0],"3":[0,0],"4":[0,0],"5":[0,0],"6":[0,0],"7":[0,0],"8":[0,0],"9":[0,0],"10":[0,0],"11":[0,0],"12":[0,0],"13":[0,0],"14":[0,0],"15":[0,0],"16":[0,0],"17":[0,0],"18":[0,0],"19":[0,0]},"meta":{"lastBranch":20,"lastFunction":25,"lastStatement":64,"seen":{"s:45:6:48:Infinity":0,"f:46:11:46:23":0,"f:47:10:47:22":1,"s:47:22:47:Infinity":1,"f:50:16:50:48":2,"s:51:1:51:Infinity":2,"s:54:71:197:Infinity":3,"f:54:71:54:72":3,"s:57:23:57:Infinity":4,"s:59:16:59:Infinity":5,"b:59:16:59:28:59:28:59:Infinity":0,"s:61:7:78:Infinity":6,"f:62:2:62:3":4,"s:63:3:75:Infinity":7,"f:63:12:63:13":5,"b:64:4:64:Infinity:undefined:undefined:undefined:undefined":1,"s:64:4:64:Infinity":8,"s:64:22:64:Infinity":9,"s:65:19:65:Infinity":10,"s:66:17:66:Infinity":11,"s:67:4:73:Infinity":12,"b:68:5:72:Infinity:70:12:72:Infinity":2,"s:68:5:72:Infinity":13,"s:69:7:69:Infinity":14,"s:71:7:71:Infinity":15,"s:74:4:74:Infinity":16,"s:80:7:84:Infinity":17,"f:80:30:80:31":6,"s:81:2:83:Infinity":18,"f:81:27:81:28":7,"s:82:3:82:Infinity":19,"f:82:12:82:13":8,"s:82:22:82:67":20,"s:86:7:90:Infinity":21,"f:86:29:86:30":9,"s:87:2:89:Infinity":22,"f:87:30:87:31":10,"s:88:3:88:Infinity":23,"f:88:12:88:13":11,"s:88:22:88:70":24,"s:93:1:106:Infinity":25,"f:93:11:93:17":12,"b:94:2:94:Infinity:undefined:undefined:undefined:undefined":3,"s:94:2:94:Infinity":26,"s:94:15:94:Infinity":27,"s:95:16:103:Infinity":28,"f:95:16:95:17":13,"b:96:3:102:Infinity:99:3:102:Infinity":4,"s:96:3:102:Infinity":29,"s:97:4:97:Infinity":30,"s:98:4:98:Infinity":31,"b:99:3:102:Infinity:undefined:undefined:undefined:undefined":5,"s:99:3:102:Infinity":32,"s:100:4:100:Infinity":33,"s:101:4:101:Infinity":34,"s:104:2:104:Infinity":35,"s:105:2:105:Infinity":36,"f:105:9:105:15":14,"s:105:15:105:Infinity":37,"s:109:1:129:Infinity":38,"f:109:11:109:17":15,"s:110:18:122:Infinity":39,"f:110:18:110:19":16,"s:111:3:121:Infinity":40,"s:112:20:112:Infinity":41,"b:112:20:112:51:112:51:112:Infinity":6,"s:114:5:114:Infinity":42,"b:114:40:114:55:114:55:114:Infinity":7,"s:115:20:115:Infinity":43,"b:115:20:115:38:115:38:115:Infinity":8,"s:116:4:120:Infinity":44,"b:119:49:119:65:119:65:119:Infinity":9,"s:123:2:128:Infinity":45,"s:124:3:124:Infinity":46,"s:125:3:125:Infinity":47,"f:125:10:125:16":17,"s:125:16:125:Infinity":48,"s:127:3:127:Infinity":49,"f:127:10:127:16":18,"s:131:7:137:Infinity":50,"f:132:2:132:9":19,"s:132:9:135:Infinity":51,"s:139:1:195:Infinity":52,"b:142:4:142:Infinity:143:4:193:Infinity":10,"f:149:45:149:46":20,"s:149:52:149:Infinity":53,"b:152:9:152:Infinity:153:10:153:Infinity":11,"b:153:35:153:51:153:51:153:Infinity":12,"b:169:9:181:Infinity:183:9:188:Infinity":13,"f:172:20:172:26":21,"s:172:26:172:Infinity":54,"b:174:13:174:Infinity:175:12:175:Infinity":14,"f:179:11:179:17":22,"s:179:17:179:Infinity":55,"f:185:19:185:25":23,"s:185:25:185:Infinity":56,"b:187:12:187:59:187:59:187:Infinity":15,"f:199:9:199:Infinity":24,"s:203:15:203:Infinity":57,"b:203:15:203:38:203:38:203:Infinity":16,"s:204:14:204:Infinity":58,"b:204:14:204:30:204:30:204:Infinity":17,"b:205:1:211:Infinity:undefined:undefined:undefined:undefined":18,"s:205:1:211:Infinity":59,"s:206:2:209:Infinity":60,"b:212:1:218:Infinity:undefined:undefined:undefined:undefined":19,"s:212:1:218:Infinity":61,"s:213:2:216:Infinity":62,"s:219:1:222:Infinity":63}}}
,"D:\\docker-dev\\shadowquillapp\\src\\components\\FeatherLoader.tsx": {"path":"D:\\docker-dev\\shadowquillapp\\src\\components\\FeatherLoader.tsx","statementMap":{"0":{"start":{"line":12,"column":1},"end":{"line":24,"column":null}}},"fnMap":{"0":{"name":"FeatherLoader","decl":{"start":{"line":8,"column":24},"end":{"line":8,"column":38}},"loc":{"start":{"line":11,"column":23},"end":{"line":26,"column":null}},"line":11}},"branchMap":{"0":{"loc":{"start":{"line":9,"column":1},"end":{"line":9,"column":null}},"type":"default-arg","locations":[{"start":{"line":9,"column":13},"end":{"line":9,"column":null}}],"line":9},"1":{"loc":{"start":{"line":10,"column":1},"end":{"line":10,"column":null}},"type":"default-arg","locations":[{"start":{"line":10,"column":8},"end":{"line":10,"column":null}}],"line":10}},"s":{"0":10},"f":{"0":10},"b":{"0":[10],"1":[10]},"meta":{"lastBranch":2,"lastFunction":1,"lastStatement":1,"seen":{"f:8:24:8:38":0,"b:9:13:9:Infinity":0,"b:10:8:10:Infinity":1,"s:12:1:24:Infinity":0}}}
,"D:\\docker-dev\\shadowquillapp\\src\\components\\FindBar.tsx": {"path":"D:\\docker-dev\\shadowquillapp\\src\\components\\FindBar.tsx","statementMap":{"0":{"start":{"line":7,"column":24},"end":{"line":7,"column":null}},"1":{"start":{"line":8,"column":21},"end":{"line":8,"column":null}},"2":{"start":{"line":9,"column":20},"end":{"line":9,"column":null}},"3":{"start":{"line":12,"column":31},"end":{"line":12,"column":null}},"4":{"start":{"line":13,"column":33},"end":{"line":13,"column":null}},"5":{"start":{"line":14,"column":33},"end":{"line":14,"column":null}},"6":{"start":{"line":15,"column":37},"end":{"line":15,"column":null}},"7":{"start":{"line":16,"column":35},"end":{"line":16,"column":null}},"8":{"start":{"line":17,"column":7},"end":{"line":17,"column":null}},"9":{"start":{"line":18,"column":7},"end":{"line":18,"column":null}},"10":{"start":{"line":21,"column":7},"end":{"line":35,"column":null}},"11":{"start":{"line":22,"column":2},"end":{"line":31,"column":null}},"12":{"start":{"line":23,"column":18},"end":{"line":23,"column":null}},"13":{"start":{"line":24,"column":3},"end":{"line":30,"column":null}},"14":{"start":{"line":26,"column":17},"end":{"line":26,"column":null}},"15":{"start":{"line":27,"column":4},"end":{"line":27,"column":null}},"16":{"start":{"line":29,"column":4},"end":{"line":29,"column":null}},"17":{"start":{"line":32,"column":2},"end":{"line":32,"column":null}},"18":{"start":{"line":33,"column":2},"end":{"line":33,"column":null}},"19":{"start":{"line":34,"column":2},"end":{"line":34,"column":null}},"20":{"start":{"line":38,"column":7},"end":{"line":136,"column":null}},"21":{"start":{"line":40,"column":2},"end":{"line":40,"column":null}},"22":{"start":{"line":42,"column":2},"end":{"line":42,"column":null}},"23":{"start":{"line":42,"column":20},"end":{"line":42,"column":null}},"24":{"start":{"line":44,"column":21},"end":{"line":44,"column":null}},"25":{"start":{"line":45,"column":31},"end":{"line":45,"column":null}},"26":{"start":{"line":48,"column":17},"end":{"line":81,"column":null}},"27":{"start":{"line":54,"column":20},"end":{"line":54,"column":null}},"28":{"start":{"line":55,"column":5},"end":{"line":55,"column":null}},"29":{"start":{"line":55,"column":18},"end":{"line":55,"column":null}},"30":{"start":{"line":57,"column":21},"end":{"line":57,"column":null}},"31":{"start":{"line":58,"column":5},"end":{"line":60,"column":null}},"32":{"start":{"line":59,"column":6},"end":{"line":59,"column":null}},"33":{"start":{"line":63,"column":5},"end":{"line":65,"column":null}},"34":{"start":{"line":64,"column":6},"end":{"line":64,"column":null}},"35":{"start":{"line":68,"column":5},"end":{"line":70,"column":null}},"36":{"start":{"line":69,"column":6},"end":{"line":69,"column":null}},"37":{"start":{"line":73,"column":22},"end":{"line":73,"column":null}},"38":{"start":{"line":74,"column":5},"end":{"line":76,"column":null}},"39":{"start":{"line":75,"column":6},"end":{"line":75,"column":null}},"40":{"start":{"line":78,"column":5},"end":{"line":78,"column":null}},"41":{"start":{"line":83,"column":33},"end":{"line":83,"column":null}},"42":{"start":{"line":84,"column":20},"end":{"line":84,"column":null}},"43":{"start":{"line":85,"column":2},"end":{"line":88,"column":null}},"44":{"start":{"line":86,"column":3},"end":{"line":86,"column":null}},"45":{"start":{"line":87,"column":3},"end":{"line":87,"column":null}},"46":{"start":{"line":91,"column":2},"end":{"line":125,"column":null}},"47":{"start":{"line":92,"column":20},"end":{"line":92,"column":null}},"48":{"start":{"line":93,"column":21},"end":{"line":93,"column":null}},"49":{"start":{"line":94,"column":19},"end":{"line":94,"column":null}},"50":{"start":{"line":95,"column":15},"end":{"line":95,"column":null}},"51":{"start":{"line":97,"column":3},"end":{"line":97,"column":null}},"52":{"start":{"line":97,"column":21},"end":{"line":97,"column":null}},"53":{"start":{"line":99,"column":20},"end":{"line":99,"column":null}},"54":{"start":{"line":101,"column":3},"end":{"line":116,"column":null}},"55":{"start":{"line":103,"column":4},"end":{"line":105,"column":null}},"56":{"start":{"line":104,"column":5},"end":{"line":104,"column":null}},"57":{"start":{"line":108,"column":17},"end":{"line":108,"column":null}},"58":{"start":{"line":109,"column":4},"end":{"line":109,"column":null}},"59":{"start":{"line":110,"column":4},"end":{"line":110,"column":null}},"60":{"start":{"line":111,"column":4},"end":{"line":111,"column":null}},"61":{"start":{"line":112,"column":4},"end":{"line":112,"column":null}},"62":{"start":{"line":114,"column":4},"end":{"line":114,"column":null}},"63":{"start":{"line":115,"column":4},"end":{"line":115,"column":null}},"64":{"start":{"line":119,"column":3},"end":{"line":121,"column":null}},"65":{"start":{"line":120,"column":4},"end":{"line":120,"column":null}},"66":{"start":{"line":124,"column":3},"end":{"line":124,"column":null}},"67":{"start":{"line":127,"column":2},"end":{"line":127,"column":null}},"68":{"start":{"line":128,"column":2},"end":{"line":128,"column":null}},"69":{"start":{"line":129,"column":2},"end":{"line":129,"column":null}},"70":{"start":{"line":132,"column":2},"end":{"line":135,"column":null}},"71":{"start":{"line":133,"column":3},"end":{"line":133,"column":null}},"72":{"start":{"line":134,"column":3},"end":{"line":134,"column":null}},"73":{"start":{"line":139,"column":7},"end":{"line":164,"column":null}},"74":{"start":{"line":141,"column":2},"end":{"line":144,"column":null}},"75":{"start":{"line":142,"column":3},"end":{"line":142,"column":null}},"76":{"start":{"line":143,"column":3},"end":{"line":143,"column":null}},"77":{"start":{"line":147,"column":22},"end":{"line":147,"column":null}},"78":{"start":{"line":148,"column":2},"end":{"line":163,"column":null}},"79":{"start":{"line":149,"column":3},"end":{"line":149,"column":null}},"80":{"start":{"line":150,"column":3},"end":{"line":150,"column":null}},"81":{"start":{"line":153,"column":3},"end":{"line":157,"column":null}},"82":{"start":{"line":160,"column":3},"end":{"line":162,"column":null}},"83":{"start":{"line":161,"column":4},"end":{"line":161,"column":null}},"84":{"start":{"line":167,"column":7},"end":{"line":179,"column":null}},"85":{"start":{"line":168,"column":2},"end":{"line":174,"column":null}},"86":{"start":{"line":170,"column":3},"end":{"line":172,"column":null}},"87":{"start":{"line":171,"column":4},"end":{"line":171,"column":null}},"88":{"start":{"line":173,"column":3},"end":{"line":173,"column":null}},"89":{"start":{"line":176,"column":19},"end":{"line":176,"column":null}},"90":{"start":{"line":177,"column":2},"end":{"line":177,"column":null}},"91":{"start":{"line":178,"column":2},"end":{"line":178,"column":null}},"92":{"start":{"line":182,"column":7},"end":{"line":194,"column":null}},"93":{"start":{"line":183,"column":2},"end":{"line":189,"column":null}},"94":{"start":{"line":185,"column":3},"end":{"line":187,"column":null}},"95":{"start":{"line":186,"column":4},"end":{"line":186,"column":null}},"96":{"start":{"line":188,"column":3},"end":{"line":188,"column":null}},"97":{"start":{"line":191,"column":19},"end":{"line":191,"column":null}},"98":{"start":{"line":192,"column":2},"end":{"line":192,"column":null}},"99":{"start":{"line":193,"column":2},"end":{"line":193,"column":null}},"100":{"start":{"line":197,"column":7},"end":{"line":202,"column":null}},"101":{"start":{"line":198,"column":2},"end":{"line":198,"column":null}},"102":{"start":{"line":199,"column":2},"end":{"line":199,"column":null}},"103":{"start":{"line":200,"column":2},"end":{"line":200,"column":null}},"104":{"start":{"line":201,"column":2},"end":{"line":201,"column":null}},"105":{"start":{"line":205,"column":1},"end":{"line":230,"column":null}},"106":{"start":{"line":206,"column":2},"end":{"line":206,"column":null}},"107":{"start":{"line":206,"column":33},"end":{"line":206,"column":null}},"108":{"start":{"line":208,"column":20},"end":{"line":211,"column":null}},"109":{"start":{"line":209,"column":3},"end":{"line":209,"column":null}},"110":{"start":{"line":210,"column":3},"end":{"line":210,"column":null}},"111":{"start":{"line":210,"column":20},"end":{"line":210,"column":47}},"112":{"start":{"line":213,"column":20},"end":{"line":217,"column":null}},"113":{"start":{"line":214,"column":3},"end":{"line":216,"column":null}},"114":{"start":{"line":215,"column":4},"end":{"line":215,"column":null}},"115":{"start":{"line":219,"column":24},"end":{"line":223,"column":null}},"116":{"start":{"line":220,"column":3},"end":{"line":222,"column":null}},"117":{"start":{"line":221,"column":4},"end":{"line":221,"column":null}},"118":{"start":{"line":225,"column":2},"end":{"line":229,"column":null}},"119":{"start":{"line":226,"column":3},"end":{"line":226,"column":null}},"120":{"start":{"line":227,"column":3},"end":{"line":227,"column":null}},"121":{"start":{"line":228,"column":3},"end":{"line":228,"column":null}},"122":{"start":{"line":233,"column":1},"end":{"line":255,"column":null}},"123":{"start":{"line":234,"column":24},"end":{"line":251,"column":null}},"124":{"start":{"line":236,"column":3},"end":{"line":240,"column":null}},"125":{"start":{"line":237,"column":4},"end":{"line":237,"column":null}},"126":{"start":{"line":238,"column":4},"end":{"line":238,"column":null}},"127":{"start":{"line":239,"column":4},"end":{"line":239,"column":null}},"128":{"start":{"line":243,"column":3},"end":{"line":250,"column":null}},"129":{"start":{"line":244,"column":4},"end":{"line":244,"column":null}},"130":{"start":{"line":245,"column":4},"end":{"line":249,"column":null}},"131":{"start":{"line":246,"column":5},"end":{"line":246,"column":null}},"132":{"start":{"line":248,"column":5},"end":{"line":248,"column":null}},"133":{"start":{"line":253,"column":2},"end":{"line":253,"column":null}},"134":{"start":{"line":254,"column":2},"end":{"line":254,"column":null}},"135":{"start":{"line":254,"column":15},"end":{"line":254,"column":null}},"136":{"start":{"line":258,"column":1},"end":{"line":264,"column":null}},"137":{"start":{"line":259,"column":2},"end":{"line":261,"column":null}},"138":{"start":{"line":260,"column":3},"end":{"line":260,"column":null}},"139":{"start":{"line":263,"column":2},"end":{"line":263,"column":null}},"140":{"start":{"line":267,"column":1},"end":{"line":271,"column":null}},"141":{"start":{"line":268,"column":2},"end":{"line":270,"column":null}},"142":{"start":{"line":269,"column":3},"end":{"line":269,"column":null}},"143":{"start":{"line":273,"column":1},"end":{"line":273,"column":null}},"144":{"start":{"line":273,"column":17},"end":{"line":273,"column":null}},"145":{"start":{"line":275,"column":1},"end":{"line":339,"column":null}},"146":{"start":{"line":289,"column":21},"end":{"line":289,"column":null}}},"fnMap":{"0":{"name":"FindBar","decl":{"start":{"line":11,"column":24},"end":{"line":11,"column":34}},"loc":{"start":{"line":11,"column":34},"end":{"line":341,"column":null}},"line":11},"1":{"name":"(anonymous_1)","decl":{"start":{"line":21,"column":37},"end":{"line":21,"column":43}},"loc":{"start":{"line":21,"column":43},"end":{"line":35,"column":4}},"line":21},"2":{"name":"(anonymous_2)","decl":{"start":{"line":22,"column":32},"end":{"line":22,"column":33}},"loc":{"start":{"line":22,"column":42},"end":{"line":31,"column":3}},"line":22},"3":{"name":"(anonymous_3)","decl":{"start":{"line":38,"column":35},"end":{"line":38,"column":36}},"loc":{"start":{"line":38,"column":53},"end":{"line":136,"column":4}},"line":38},"4":{"name":"(anonymous_4)","decl":{"start":{"line":52,"column":16},"end":{"line":52,"column":17}},"loc":{"start":{"line":52,"column":26},"end":{"line":79,"column":null}},"line":52},"5":{"name":"(anonymous_5)","decl":{"start":{"line":91,"column":25},"end":{"line":91,"column":26}},"loc":{"start":{"line":91,"column":39},"end":{"line":125,"column":3}},"line":91},"6":{"name":"(anonymous_6)","decl":{"start":{"line":139,"column":35},"end":{"line":139,"column":36}},"loc":{"start":{"line":139,"column":76},"end":{"line":164,"column":4}},"line":139},"7":{"name":"(anonymous_7)","decl":{"start":{"line":141,"column":16},"end":{"line":141,"column":17}},"loc":{"start":{"line":141,"column":23},"end":{"line":144,"column":3}},"line":141},"8":{"name":"(anonymous_8)","decl":{"start":{"line":160,"column":14},"end":{"line":160,"column":20}},"loc":{"start":{"line":160,"column":20},"end":{"line":162,"column":6}},"line":160},"9":{"name":"(anonymous_9)","decl":{"start":{"line":167,"column":30},"end":{"line":167,"column":36}},"loc":{"start":{"line":167,"column":36},"end":{"line":179,"column":4}},"line":167},"10":{"name":"(anonymous_10)","decl":{"start":{"line":182,"column":34},"end":{"line":182,"column":40}},"loc":{"start":{"line":182,"column":40},"end":{"line":194,"column":4}},"line":182},"11":{"name":"(anonymous_11)","decl":{"start":{"line":197,"column":34},"end":{"line":197,"column":40}},"loc":{"start":{"line":197,"column":40},"end":{"line":202,"column":4}},"line":197},"12":{"name":"(anonymous_12)","decl":{"start":{"line":205,"column":11},"end":{"line":205,"column":17}},"loc":{"start":{"line":205,"column":17},"end":{"line":230,"column":4}},"line":205},"13":{"name":"(anonymous_13)","decl":{"start":{"line":208,"column":51},"end":{"line":208,"column":57}},"loc":{"start":{"line":208,"column":57},"end":{"line":211,"column":3}},"line":208},"14":{"name":"(anonymous_14)","decl":{"start":{"line":210,"column":14},"end":{"line":210,"column":20}},"loc":{"start":{"line":210,"column":20},"end":{"line":210,"column":47}},"line":210},"15":{"name":"(anonymous_15)","decl":{"start":{"line":213,"column":51},"end":{"line":213,"column":57}},"loc":{"start":{"line":213,"column":57},"end":{"line":217,"column":3}},"line":213},"16":{"name":"(anonymous_16)","decl":{"start":{"line":219,"column":59},"end":{"line":219,"column":65}},"loc":{"start":{"line":219,"column":65},"end":{"line":223,"column":3}},"line":219},"17":{"name":"(anonymous_17)","decl":{"start":{"line":225,"column":9},"end":{"line":225,"column":15}},"loc":{"start":{"line":225,"column":15},"end":{"line":229,"column":null}},"line":225},"18":{"name":"(anonymous_18)","decl":{"start":{"line":233,"column":11},"end":{"line":233,"column":17}},"loc":{"start":{"line":233,"column":17},"end":{"line":255,"column":4}},"line":233},"19":{"name":"(anonymous_19)","decl":{"start":{"line":234,"column":24},"end":{"line":234,"column":25}},"loc":{"start":{"line":234,"column":46},"end":{"line":251,"column":null}},"line":234},"20":{"name":"(anonymous_20)","decl":{"start":{"line":254,"column":9},"end":{"line":254,"column":15}},"loc":{"start":{"line":254,"column":15},"end":{"line":254,"column":null}},"line":254},"21":{"name":"(anonymous_21)","decl":{"start":{"line":258,"column":11},"end":{"line":258,"column":17}},"loc":{"start":{"line":258,"column":17},"end":{"line":264,"column":4}},"line":258},"22":{"name":"(anonymous_22)","decl":{"start":{"line":267,"column":11},"end":{"line":267,"column":17}},"loc":{"start":{"line":267,"column":17},"end":{"line":271,"column":4}},"line":267},"23":{"name":"(anonymous_23)","decl":{"start":{"line":268,"column":9},"end":{"line":268,"column":15}},"loc":{"start":{"line":268,"column":15},"end":{"line":270,"column":null}},"line":268},"24":{"name":"(anonymous_24)","decl":{"start":{"line":289,"column":14},"end":{"line":289,"column":15}},"loc":{"start":{"line":289,"column":21},"end":{"line":289,"column":null}},"line":289}},"branchMap":{"0":{"loc":{"start":{"line":24,"column":3},"end":{"line":30,"column":null}},"type":"if","locations":[{"start":{"line":24,"column":3},"end":{"line":30,"column":null}},{"start":{},"end":{}}],"line":24},"1":{"loc":{"start":{"line":26,"column":41},"end":{"line":26,"column":63}},"type":"binary-expr","locations":[{"start":{"line":26,"column":41},"end":{"line":26,"column":61}},{"start":{"line":26,"column":61},"end":{"line":26,"column":63}}],"line":26},"2":{"loc":{"start":{"line":42,"column":2},"end":{"line":42,"column":null}},"type":"if","locations":[{"start":{"line":42,"column":2},"end":{"line":42,"column":null}},{"start":{},"end":{}}],"line":42},"3":{"loc":{"start":{"line":55,"column":5},"end":{"line":55,"column":null}},"type":"if","locations":[{"start":{"line":55,"column":5},"end":{"line":55,"column":null}},{"start":{},"end":{}}],"line":55},"4":{"loc":{"start":{"line":58,"column":5},"end":{"line":60,"column":null}},"type":"if","locations":[{"start":{"line":58,"column":5},"end":{"line":60,"column":null}},{"start":{},"end":{}}],"line":58},"5":{"loc":{"start":{"line":58,"column":9},"end":{"line":58,"column":80}},"type":"binary-expr","locations":[{"start":{"line":58,"column":9},"end":{"line":58,"column":33}},{"start":{"line":58,"column":33},"end":{"line":58,"column":56}},{"start":{"line":58,"column":56},"end":{"line":58,"column":80}}],"line":58},"6":{"loc":{"start":{"line":63,"column":5},"end":{"line":65,"column":null}},"type":"if","locations":[{"start":{"line":63,"column":5},"end":{"line":65,"column":null}},{"start":{},"end":{}}],"line":63},"7":{"loc":{"start":{"line":68,"column":5},"end":{"line":70,"column":null}},"type":"if","locations":[{"start":{"line":68,"column":5},"end":{"line":70,"column":null}},{"start":{},"end":{}}],"line":68},"8":{"loc":{"start":{"line":73,"column":22},"end":{"line":73,"column":null}},"type":"binary-expr","locations":[{"start":{"line":73,"column":22},"end":{"line":73,"column":57}},{"start":{"line":73,"column":57},"end":{"line":73,"column":null}}],"line":73},"9":{"loc":{"start":{"line":74,"column":5},"end":{"line":76,"column":null}},"type":"if","locations":[{"start":{"line":74,"column":5},"end":{"line":76,"column":null}},{"start":{},"end":{}}],"line":74},"10":{"loc":{"start":{"line":92,"column":20},"end":{"line":92,"column":null}},"type":"binary-expr","locations":[{"start":{"line":92,"column":20},"end":{"line":92,"column":44}},{"start":{"line":92,"column":44},"end":{"line":92,"column":null}}],"line":92},"11":{"loc":{"start":{"line":97,"column":3},"end":{"line":97,"column":null}},"type":"if","locations":[{"start":{"line":97,"column":3},"end":{"line":97,"column":null}},{"start":{},"end":{}}],"line":97},"12":{"loc":{"start":{"line":103,"column":4},"end":{"line":105,"column":null}},"type":"if","locations":[{"start":{"line":103,"column":4},"end":{"line":105,"column":null}},{"start":{},"end":{}}],"line":103},"13":{"loc":{"start":{"line":119,"column":3},"end":{"line":121,"column":null}},"type":"if","locations":[{"start":{"line":119,"column":3},"end":{"line":121,"column":null}},{"start":{},"end":{}}],"line":119},"14":{"loc":{"start":{"line":132,"column":2},"end":{"line":135,"column":null}},"type":"if","locations":[{"start":{"line":132,"column":2},"end":{"line":135,"column":null}},{"start":{},"end":{}}],"line":132},"15":{"loc":{"start":{"line":148,"column":2},"end":{"line":163,"column":null}},"type":"if","locations":[{"start":{"line":148,"column":2},"end":{"line":163,"column":null}},{"start":{},"end":{}}],"line":148},"16":{"loc":{"start":{"line":168,"column":2},"end":{"line":174,"column":null}},"type":"if","locations":[{"start":{"line":168,"column":2},"end":{"line":174,"column":null}},{"start":{},"end":{}}],"line":168},"17":{"loc":{"start":{"line":170,"column":3},"end":{"line":172,"column":null}},"type":"if","locations":[{"start":{"line":170,"column":3},"end":{"line":172,"column":null}},{"start":{},"end":{}}],"line":170},"18":{"loc":{"start":{"line":176,"column":19},"end":{"line":176,"column":null}},"type":"cond-expr","locations":[{"start":{"line":176,"column":48},"end":{"line":176,"column":52}},{"start":{"line":176,"column":52},"end":{"line":176,"column":null}}],"line":176},"19":{"loc":{"start":{"line":183,"column":2},"end":{"line":189,"column":null}},"type":"if","locations":[{"start":{"line":183,"column":2},"end":{"line":189,"column":null}},{"start":{},"end":{}}],"line":183},"20":{"loc":{"start":{"line":185,"column":3},"end":{"line":187,"column":null}},"type":"if","locations":[{"start":{"line":185,"column":3},"end":{"line":187,"column":null}},{"start":{},"end":{}}],"line":185},"21":{"loc":{"start":{"line":191,"column":19},"end":{"line":191,"column":null}},"type":"cond-expr","locations":[{"start":{"line":191,"column":39},"end":{"line":191,"column":52}},{"start":{"line":191,"column":52},"end":{"line":191,"column":null}}],"line":191},"22":{"loc":{"start":{"line":206,"column":2},"end":{"line":206,"column":null}},"type":"if","locations":[{"start":{"line":206,"column":2},"end":{"line":206,"column":null}},{"start":{},"end":{}}],"line":206},"23":{"loc":{"start":{"line":214,"column":3},"end":{"line":216,"column":null}},"type":"if","locations":[{"start":{"line":214,"column":3},"end":{"line":216,"column":null}},{"start":{},"end":{}}],"line":214},"24":{"loc":{"start":{"line":214,"column":7},"end":{"line":214,"column":32}},"type":"binary-expr","locations":[{"start":{"line":214,"column":7},"end":{"line":214,"column":20}},{"start":{"line":214,"column":20},"end":{"line":214,"column":32}}],"line":214},"25":{"loc":{"start":{"line":220,"column":3},"end":{"line":222,"column":null}},"type":"if","locations":[{"start":{"line":220,"column":3},"end":{"line":222,"column":null}},{"start":{},"end":{}}],"line":220},"26":{"loc":{"start":{"line":220,"column":7},"end":{"line":220,"column":32}},"type":"binary-expr","locations":[{"start":{"line":220,"column":7},"end":{"line":220,"column":20}},{"start":{"line":220,"column":20},"end":{"line":220,"column":32}}],"line":220},"27":{"loc":{"start":{"line":236,"column":3},"end":{"line":240,"column":null}},"type":"if","locations":[{"start":{"line":236,"column":3},"end":{"line":240,"column":null}},{"start":{},"end":{}}],"line":236},"28":{"loc":{"start":{"line":236,"column":7},"end":{"line":236,"column":40}},"type":"binary-expr","locations":[{"start":{"line":236,"column":7},"end":{"line":236,"column":29}},{"start":{"line":236,"column":29},"end":{"line":236,"column":40}}],"line":236},"29":{"loc":{"start":{"line":243,"column":3},"end":{"line":250,"column":null}},"type":"if","locations":[{"start":{"line":243,"column":3},"end":{"line":250,"column":null}},{"start":{},"end":{}}],"line":243},"30":{"loc":{"start":{"line":243,"column":7},"end":{"line":243,"column":86}},"type":"binary-expr","locations":[{"start":{"line":243,"column":7},"end":{"line":243,"column":28}},{"start":{"line":243,"column":28},"end":{"line":243,"column":41}},{"start":{"line":243,"column":41},"end":{"line":243,"column":86}}],"line":243},"31":{"loc":{"start":{"line":245,"column":4},"end":{"line":249,"column":null}},"type":"if","locations":[{"start":{"line":245,"column":4},"end":{"line":249,"column":null}},{"start":{"line":247,"column":11},"end":{"line":249,"column":null}}],"line":245},"32":{"loc":{"start":{"line":259,"column":2},"end":{"line":261,"column":null}},"type":"if","locations":[{"start":{"line":259,"column":2},"end":{"line":261,"column":null}},{"start":{},"end":{}}],"line":259},"33":{"loc":{"start":{"line":273,"column":1},"end":{"line":273,"column":null}},"type":"if","locations":[{"start":{"line":273,"column":1},"end":{"line":273,"column":null}},{"start":{},"end":{}}],"line":273},"34":{"loc":{"start":{"line":299,"column":4},"end":{"line":302,"column":null}},"type":"binary-expr","locations":[{"start":{"line":299,"column":4},"end":{"line":299,"column":22}},{"start":{"line":299,"column":22},"end":{"line":299,"column":null}},{"start":{"line":300,"column":4},"end":{"line":302,"column":null}}],"line":299},"35":{"loc":{"start":{"line":305,"column":4},"end":{"line":308,"column":null}},"type":"binary-expr","locations":[{"start":{"line":305,"column":4},"end":{"line":305,"column":24}},{"start":{"line":305,"column":24},"end":{"line":305,"column":38}},{"start":{"line":305,"column":38},"end":{"line":305,"column":null}},{"start":{"line":306,"column":4},"end":{"line":308,"column":null}}],"line":305}},"s":{"0":0,"1":0,"2":0,"3":0,"4":0,"5":0,"6":0,"7":0,"8":0,"9":0,"10":0,"11":0,"12":0,"13":0,"14":0,"15":0,"16":0,"17":0,"18":0,"19":0,"20":0,"21":0,"22":0,"23":0,"24":0,"25":0,"26":0,"27":0,"28":0,"29":0,"30":0,"31":0,"32":0,"33":0,"34":0,"35":0,"36":0,"37":0,"38":0,"39":0,"40":0,"41":0,"42":0,"43":0,"44":0,"45":0,"46":0,"47":0,"48":0,"49":0,"50":0,"51":0,"52":0,"53":0,"54":0,"55":0,"56":0,"57":0,"58":0,"59":0,"60":0,"61":0,"62":0,"63":0,"64":0,"65":0,"66":0,"67":0,"68":0,"69":0,"70":0,"71":0,"72":0,"73":0,"74":0,"75":0,"76":0,"77":0,"78":0,"79":0,"80":0,"81":0,"82":0,"83":0,"84":0,"85":0,"86":0,"87":0,"88":0,"89":0,"90":0,"91":0,"92":0,"93":0,"94":0,"95":0,"96":0,"97":0,"98":0,"99":0,"100":0,"101":0,"102":0,"103":0,"104":0,"105":0,"106":0,"107":0,"108":0,"109":0,"110":0,"111":0,"112":0,"113":0,"114":0,"115":0,"116":0,"117":0,"118":0,"119":0,"120":0,"121":0,"122":0,"123":0,"124":0,"125":0,"126":0,"127":0,"128":0,"129":0,"130":0,"131":0,"132":0,"133":0,"134":0,"135":0,"136":0,"137":0,"138":0,"139":0,"140":0,"141":0,"142":0,"143":0,"144":0,"145":0,"146":0},"f":{"0":0,"1":0,"2":0,"3":0,"4":0,"5":0,"6":0,"7":0,"8":0,"9":0,"10":0,"11":0,"12":0,"13":0,"14":0,"15":0,"16":0,"17":0,"18":0,"19":0,"20":0,"21":0,"22":0,"23":0,"24":0},"b":{"0":[0,0],"1":[0,0],"2":[0,0],"3":[0,0],"4":[0,0],"5":[0,0,0],"6":[0,0],"7":[0,0],"8":[0,0],"9":[0,0],"10":[0,0],"11":[0,0],"12":[0,0],"13":[0,0],"14":[0,0],"15":[0,0],"16":[0,0],"17":[0,0],"18":[0,0],"19":[0,0],"20":[0,0],"21":[0,0],"22":[0,0],"23":[0,0],"24":[0,0],"25":[0,0],"26":[0,0],"27":[0,0],"28":[0,0],"29":[0,0],"30":[0,0,0],"31":[0,0],"32":[0,0],"33":[0,0],"34":[0,0,0],"35":[0,0,0,0]},"meta":{"lastBranch":36,"lastFunction":25,"lastStatement":147,"seen":{"s:7:24:7:Infinity":0,"s:8:21:8:Infinity":1,"s:9:20:9:Infinity":2,"f:11:24:11:34":0,"s:12:31:12:Infinity":3,"s:13:33:13:Infinity":4,"s:14:33:14:Infinity":5,"s:15:37:15:Infinity":6,"s:16:35:16:Infinity":7,"s:17:7:17:Infinity":8,"s:18:7:18:Infinity":9,"s:21:7:35:Infinity":10,"f:21:37:21:43":1,"s:22:2:31:Infinity":11,"f:22:32:22:33":2,"s:23:18:23:Infinity":12,"b:24:3:30:Infinity:undefined:undefined:undefined:undefined":0,"s:24:3:30:Infinity":13,"s:26:17:26:Infinity":14,"b:26:41:26:61:26:61:26:63":1,"s:27:4:27:Infinity":15,"s:29:4:29:Infinity":16,"s:32:2:32:Infinity":17,"s:33:2:33:Infinity":18,"s:34:2:34:Infinity":19,"s:38:7:136:Infinity":20,"f:38:35:38:36":3,"s:40:2:40:Infinity":21,"b:42:2:42:Infinity:undefined:undefined:undefined:undefined":2,"s:42:2:42:Infinity":22,"s:42:20:42:Infinity":23,"s:44:21:44:Infinity":24,"s:45:31:45:Infinity":25,"s:48:17:81:Infinity":26,"f:52:16:52:17":4,"s:54:20:54:Infinity":27,"b:55:5:55:Infinity:undefined:undefined:undefined:undefined":3,"s:55:5:55:Infinity":28,"s:55:18:55:Infinity":29,"s:57:21:57:Infinity":30,"b:58:5:60:Infinity:undefined:undefined:undefined:undefined":4,"s:58:5:60:Infinity":31,"b:58:9:58:33:58:33:58:56:58:56:58:80":5,"s:59:6:59:Infinity":32,"b:63:5:65:Infinity:undefined:undefined:undefined:undefined":6,"s:63:5:65:Infinity":33,"s:64:6:64:Infinity":34,"b:68:5:70:Infinity:undefined:undefined:undefined:undefined":7,"s:68:5:70:Infinity":35,"s:69:6:69:Infinity":36,"s:73:22:73:Infinity":37,"b:73:22:73:57:73:57:73:Infinity":8,"b:74:5:76:Infinity:undefined:undefined:undefined:undefined":9,"s:74:5:76:Infinity":38,"s:75:6:75:Infinity":39,"s:78:5:78:Infinity":40,"s:83:33:83:Infinity":41,"s:84:20:84:Infinity":42,"s:85:2:88:Infinity":43,"s:86:3:86:Infinity":44,"s:87:3:87:Infinity":45,"s:91:2:125:Infinity":46,"f:91:25:91:26":5,"s:92:20:92:Infinity":47,"b:92:20:92:44:92:44:92:Infinity":10,"s:93:21:93:Infinity":48,"s:94:19:94:Infinity":49,"s:95:15:95:Infinity":50,"b:97:3:97:Infinity:undefined:undefined:undefined:undefined":11,"s:97:3:97:Infinity":51,"s:97:21:97:Infinity":52,"s:99:20:99:Infinity":53,"s:101:3:116:Infinity":54,"b:103:4:105:Infinity:undefined:undefined:undefined:undefined":12,"s:103:4:105:Infinity":55,"s:104:5:104:Infinity":56,"s:108:17:108:Infinity":57,"s:109:4:109:Infinity":58,"s:110:4:110:Infinity":59,"s:111:4:111:Infinity":60,"s:112:4:112:Infinity":61,"s:114:4:114:Infinity":62,"s:115:4:115:Infinity":63,"b:119:3:121:Infinity:undefined:undefined:undefined:undefined":13,"s:119:3:121:Infinity":64,"s:120:4:120:Infinity":65,"s:124:3:124:Infinity":66,"s:127:2:127:Infinity":67,"s:128:2:128:Infinity":68,"s:129:2:129:Infinity":69,"b:132:2:135:Infinity:undefined:undefined:undefined:undefined":14,"s:132:2:135:Infinity":70,"s:133:3:133:Infinity":71,"s:134:3:134:Infinity":72,"s:139:7:164:Infinity":73,"f:139:35:139:36":6,"s:141:2:144:Infinity":74,"f:141:16:141:17":7,"s:142:3:142:Infinity":75,"s:143:3:143:Infinity":76,"s:147:22:147:Infinity":77,"b:148:2:163:Infinity:undefined:undefined:undefined:undefined":15,"s:148:2:163:Infinity":78,"s:149:3:149:Infinity":79,"s:150:3:150:Infinity":80,"s:153:3:157:Infinity":81,"s:160:3:162:Infinity":82,"f:160:14:160:20":8,"s:161:4:161:Infinity":83,"s:167:7:179:Infinity":84,"f:167:30:167:36":9,"b:168:2:174:Infinity:undefined:undefined:undefined:undefined":16,"s:168:2:174:Infinity":85,"b:170:3:172:Infinity:undefined:undefined:undefined:undefined":17,"s:170:3:172:Infinity":86,"s:171:4:171:Infinity":87,"s:173:3:173:Infinity":88,"s:176:19:176:Infinity":89,"b:176:48:176:52:176:52:176:Infinity":18,"s:177:2:177:Infinity":90,"s:178:2:178:Infinity":91,"s:182:7:194:Infinity":92,"f:182:34:182:40":10,"b:183:2:189:Infinity:undefined:undefined:undefined:undefined":19,"s:183:2:189:Infinity":93,"b:185:3:187:Infinity:undefined:undefined:undefined:undefined":20,"s:185:3:187:Infinity":94,"s:186:4:186:Infinity":95,"s:188:3:188:Infinity":96,"s:191:19:191:Infinity":97,"b:191:39:191:52:191:52:191:Infinity":21,"s:192:2:192:Infinity":98,"s:193:2:193:Infinity":99,"s:197:7:202:Infinity":100,"f:197:34:197:40":11,"s:198:2:198:Infinity":101,"s:199:2:199:Infinity":102,"s:200:2:200:Infinity":103,"s:201:2:201:Infinity":104,"s:205:1:230:Infinity":105,"f:205:11:205:17":12,"b:206:2:206:Infinity:undefined:undefined:undefined:undefined":22,"s:206:2:206:Infinity":106,"s:206:33:206:Infinity":107,"s:208:20:211:Infinity":108,"f:208:51:208:57":13,"s:209:3:209:Infinity":109,"s:210:3:210:Infinity":110,"f:210:14:210:20":14,"s:210:20:210:47":111,"s:213:20:217:Infinity":112,"f:213:51:213:57":15,"b:214:3:216:Infinity:undefined:undefined:undefined:undefined":23,"s:214:3:216:Infinity":113,"b:214:7:214:20:214:20:214:32":24,"s:215:4:215:Infinity":114,"s:219:24:223:Infinity":115,"f:219:59:219:65":16,"b:220:3:222:Infinity:undefined:undefined:undefined:undefined":25,"s:220:3:222:Infinity":116,"b:220:7:220:20:220:20:220:32":26,"s:221:4:221:Infinity":117,"s:225:2:229:Infinity":118,"f:225:9:225:15":17,"s:226:3:226:Infinity":119,"s:227:3:227:Infinity":120,"s:228:3:228:Infinity":121,"s:233:1:255:Infinity":122,"f:233:11:233:17":18,"s:234:24:251:Infinity":123,"f:234:24:234:25":19,"b:236:3:240:Infinity:undefined:undefined:undefined:undefined":27,"s:236:3:240:Infinity":124,"b:236:7:236:29:236:29:236:40":28,"s:237:4:237:Infinity":125,"s:238:4:238:Infinity":126,"s:239:4:239:Infinity":127,"b:243:3:250:Infinity:undefined:undefined:undefined:undefined":29,"s:243:3:250:Infinity":128,"b:243:7:243:28:243:28:243:41:243:41:243:86":30,"s:244:4:244:Infinity":129,"b:245:4:249:Infinity:247:11:249:Infinity":31,"s:245:4:249:Infinity":130,"s:246:5:246:Infinity":131,"s:248:5:248:Infinity":132,"s:253:2:253:Infinity":133,"s:254:2:254:Infinity":134,"f:254:9:254:15":20,"s:254:15:254:Infinity":135,"s:258:1:264:Infinity":136,"f:258:11:258:17":21,"b:259:2:261:Infinity:undefined:undefined:undefined:undefined":32,"s:259:2:261:Infinity":137,"s:260:3:260:Infinity":138,"s:263:2:263:Infinity":139,"s:267:1:271:Infinity":140,"f:267:11:267:17":22,"s:268:2:270:Infinity":141,"f:268:9:268:15":23,"s:269:3:269:Infinity":142,"b:273:1:273:Infinity:undefined:undefined:undefined:undefined":33,"s:273:1:273:Infinity":143,"s:273:17:273:Infinity":144,"s:275:1:339:Infinity":145,"f:289:14:289:15":24,"s:289:21:289:Infinity":146,"b:299:4:299:22:299:22:299:Infinity:300:4:302:Infinity":34,"b:305:4:305:24:305:24:305:38:305:38:305:Infinity:306:4:308:Infinity":35}}}
,"D:\\docker-dev\\shadowquillapp\\src\\components\\Icon.tsx": {"path":"D:\\docker-dev\\shadowquillapp\\src\\components\\Icon.tsx","statementMap":{"0":{"start":{"line":55,"column":14},"end":{"line":110,"column":null}},"1":{"start":{"line":119,"column":5},"end":{"line":133,"column":null}},"2":{"start":{"line":120,"column":14},"end":{"line":120,"column":null}},"3":{"start":{"line":121,"column":1},"end":{"line":124,"column":null}},"4":{"start":{"line":122,"column":2},"end":{"line":122,"column":null}},"5":{"start":{"line":123,"column":2},"end":{"line":123,"column":null}},"6":{"start":{"line":125,"column":1},"end":{"line":131,"column":null}}},"fnMap":{"0":{"name":"(anonymous_0)","decl":{"start":{"line":119,"column":5},"end":{"line":119,"column":6}},"loc":{"start":{"line":119,"column":44},"end":{"line":133,"column":null}},"line":119}},"branchMap":{"0":{"loc":{"start":{"line":121,"column":1},"end":{"line":124,"column":null}},"type":"if","locations":[{"start":{"line":121,"column":1},"end":{"line":124,"column":null}},{"start":{},"end":{}}],"line":121}},"s":{"0":2,"1":2,"2":25,"3":25,"4":1,"5":1,"6":24},"f":{"0":25},"b":{"0":[1,24]},"meta":{"lastBranch":1,"lastFunction":1,"lastStatement":7,"seen":{"s:55:14:110:Infinity":0,"s:119:5:133:Infinity":1,"f:119:5:119:6":0,"s:120:14:120:Infinity":2,"b:121:1:124:Infinity:undefined:undefined:undefined:undefined":0,"s:121:1:124:Infinity":3,"s:122:2:122:Infinity":4,"s:123:2:123:Infinity":5,"s:125:1:131:Infinity":6}}}
,"D:\\docker-dev\\shadowquillapp\\src\\components\\Logo.tsx": {"path":"D:\\docker-dev\\shadowquillapp\\src\\components\\Logo.tsx","statementMap":{"0":{"start":{"line":8,"column":41},"end":{"line":26,"column":null}},"1":{"start":{"line":9,"column":1},"end":{"line":24,"column":null}}},"fnMap":{"0":{"name":"(anonymous_0)","decl":{"start":{"line":8,"column":41},"end":{"line":8,"column":42}},"loc":{"start":{"line":8,"column":67},"end":{"line":26,"column":null}},"line":8}},"branchMap":{},"s":{"0":1,"1":7},"f":{"0":7},"b":{},"meta":{"lastBranch":0,"lastFunction":1,"lastStatement":2,"seen":{"s:8:41:26:Infinity":0,"f:8:41:8:42":0,"s:9:1:24:Infinity":1}}}
,"D:\\docker-dev\\shadowquillapp\\src\\components\\ModelConfigGate.tsx": {"path":"D:\\docker-dev\\shadowquillapp\\src\\components\\ModelConfigGate.tsx","statementMap":{"0":{"start":{"line":31,"column":1},"end":{"line":34,"column":null}},"1":{"start":{"line":32,"column":2},"end":{"line":32,"column":null}},"2":{"start":{"line":32,"column":44},"end":{"line":32,"column":null}},"3":{"start":{"line":33,"column":2},"end":{"line":33,"column":null}},"4":{"start":{"line":33,"column":80},"end":{"line":33,"column":null}},"5":{"start":{"line":35,"column":1},"end":{"line":37,"column":null}},"6":{"start":{"line":36,"column":2},"end":{"line":36,"column":null}},"7":{"start":{"line":38,"column":1},"end":{"line":38,"column":null}},"8":{"start":{"line":44,"column":2},"end":{"line":45,"column":null}},"9":{"start":{"line":46,"column":37},"end":{"line":46,"column":null}},"10":{"start":{"line":47,"column":29},"end":{"line":47,"column":null}},"11":{"start":{"line":48,"column":25},"end":{"line":48,"column":null}},"12":{"start":{"line":49,"column":23},"end":{"line":49,"column":null}},"13":{"start":{"line":50,"column":31},"end":{"line":50,"column":null}},"14":{"start":{"line":51,"column":23},"end":{"line":51,"column":null}},"15":{"start":{"line":52,"column":16},"end":{"line":52,"column":null}},"16":{"start":{"line":53,"column":25},"end":{"line":53,"column":null}},"17":{"start":{"line":54,"column":33},"end":{"line":54,"column":null}},"18":{"start":{"line":55,"column":33},"end":{"line":55,"column":null}},"19":{"start":{"line":56,"column":43},"end":{"line":56,"column":null}},"20":{"start":{"line":57,"column":53},"end":{"line":57,"column":null}},"21":{"start":{"line":58,"column":43},"end":{"line":58,"column":null}},"22":{"start":{"line":59,"column":43},"end":{"line":59,"column":null}},"23":{"start":{"line":60,"column":55},"end":{"line":60,"column":null}},"24":{"start":{"line":61,"column":53},"end":{"line":61,"column":null}},"25":{"start":{"line":62,"column":57},"end":{"line":62,"column":null}},"26":{"start":{"line":63,"column":37},"end":{"line":63,"column":null}},"27":{"start":{"line":64,"column":43},"end":{"line":70,"column":null}},"28":{"start":{"line":71,"column":43},"end":{"line":71,"column":null}},"29":{"start":{"line":72,"column":43},"end":{"line":72,"column":null}},"30":{"start":{"line":73,"column":43},"end":{"line":73,"column":null}},"31":{"start":{"line":74,"column":43},"end":{"line":74,"column":null}},"32":{"start":{"line":77,"column":1},"end":{"line":84,"column":null}},"33":{"start":{"line":78,"column":2},"end":{"line":83,"column":null}},"34":{"start":{"line":82,"column":3},"end":{"line":82,"column":null}},"35":{"start":{"line":87,"column":1},"end":{"line":91,"column":null}},"36":{"start":{"line":88,"column":2},"end":{"line":90,"column":null}},"37":{"start":{"line":89,"column":3},"end":{"line":89,"column":null}},"38":{"start":{"line":94,"column":1},"end":{"line":159,"column":null}},"39":{"start":{"line":95,"column":2},"end":{"line":95,"column":null}},"40":{"start":{"line":95,"column":35},"end":{"line":95,"column":null}},"41":{"start":{"line":96,"column":18},"end":{"line":96,"column":null}},"42":{"start":{"line":98,"column":15},"end":{"line":153,"column":null}},"43":{"start":{"line":99,"column":3},"end":{"line":99,"column":null}},"44":{"start":{"line":100,"column":3},"end":{"line":152,"column":null}},"45":{"start":{"line":102,"column":4},"end":{"line":102,"column":null}},"46":{"start":{"line":105,"column":10},"end":{"line":105,"column":null}},"47":{"start":{"line":106,"column":4},"end":{"line":106,"column":null}},"48":{"start":{"line":106,"column":19},"end":{"line":106,"column":null}},"49":{"start":{"line":109,"column":4},"end":{"line":109,"column":null}},"50":{"start":{"line":112,"column":4},"end":{"line":137,"column":null}},"51":{"start":{"line":113,"column":5},"end":{"line":113,"column":null}},"52":{"start":{"line":114,"column":5},"end":{"line":120,"column":null}},"53":{"start":{"line":115,"column":19},"end":{"line":115,"column":null}},"54":{"start":{"line":116,"column":24},"end":{"line":116,"column":null}},"55":{"start":{"line":117,"column":6},"end":{"line":117,"column":null}},"56":{"start":{"line":119,"column":6},"end":{"line":119,"column":null}},"57":{"start":{"line":121,"column":5},"end":{"line":121,"column":null}},"58":{"start":{"line":124,"column":5},"end":{"line":136,"column":null}},"59":{"start":{"line":125,"column":6},"end":{"line":125,"column":null}},"60":{"start":{"line":126,"column":17},"end":{"line":126,"column":null}},"61":{"start":{"line":127,"column":6},"end":{"line":132,"column":null}},"62":{"start":{"line":128,"column":7},"end":{"line":128,"column":null}},"63":{"start":{"line":129,"column":7},"end":{"line":129,"column":null}},"64":{"start":{"line":130,"column":7},"end":{"line":130,"column":null}},"65":{"start":{"line":131,"column":7},"end":{"line":131,"column":null}},"66":{"start":{"line":133,"column":6},"end":{"line":133,"column":null}},"67":{"start":{"line":135,"column":6},"end":{"line":135,"column":null}},"68":{"start":{"line":140,"column":4},"end":{"line":140,"column":null}},"69":{"start":{"line":142,"column":4},"end":{"line":142,"column":null}},"70":{"start":{"line":143,"column":4},"end":{"line":146,"column":null}},"71":{"start":{"line":144,"column":5},"end":{"line":144,"column":null}},"72":{"start":{"line":145,"column":5},"end":{"line":145,"column":null}},"73":{"start":{"line":148,"column":4},"end":{"line":151,"column":null}},"74":{"start":{"line":149,"column":5},"end":{"line":149,"column":null}},"75":{"start":{"line":150,"column":5},"end":{"line":150,"column":null}},"76":{"start":{"line":155,"column":2},"end":{"line":155,"column":null}},"77":{"start":{"line":156,"column":2},"end":{"line":158,"column":null}},"78":{"start":{"line":157,"column":3},"end":{"line":157,"column":null}},"79":{"start":{"line":162,"column":2},"end":{"line":163,"column":null}},"80":{"start":{"line":166,"column":1},"end":{"line":201,"column":null}},"81":{"start":{"line":167,"column":2},"end":{"line":167,"column":null}},"82":{"start":{"line":167,"column":30},"end":{"line":167,"column":null}},"83":{"start":{"line":168,"column":2},"end":{"line":168,"column":null}},"84":{"start":{"line":168,"column":28},"end":{"line":168,"column":null}},"85":{"start":{"line":169,"column":2},"end":{"line":169,"column":null}},"86":{"start":{"line":169,"column":28},"end":{"line":169,"column":null}},"87":{"start":{"line":170,"column":18},"end":{"line":170,"column":null}},"88":{"start":{"line":171,"column":17},"end":{"line":191,"column":null}},"89":{"start":{"line":172,"column":3},"end":{"line":172,"column":null}},"90":{"start":{"line":174,"column":22},"end":{"line":174,"column":null}},"91":{"start":{"line":175,"column":3},"end":{"line":190,"column":null}},"92":{"start":{"line":176,"column":23},"end":{"line":176,"column":null}},"93":{"start":{"line":177,"column":14},"end":{"line":177,"column":null}},"94":{"start":{"line":177,"column":31},"end":{"line":177,"column":51}},"95":{"start":{"line":178,"column":16},"end":{"line":180,"column":null}},"96":{"start":{"line":181,"column":4},"end":{"line":181,"column":null}},"97":{"start":{"line":182,"column":4},"end":{"line":182,"column":null}},"98":{"start":{"line":182,"column":19},"end":{"line":182,"column":null}},"99":{"start":{"line":183,"column":4},"end":{"line":183,"column":null}},"100":{"start":{"line":183,"column":17},"end":{"line":183,"column":null}},"101":{"start":{"line":186,"column":4},"end":{"line":186,"column":null}},"
[...]
{"line":36,"column":null}},"8":{"start":{"line":38,"column":3},"end":{"line":38,"column":null}},"9":{"start":{"line":39,"column":3},"end":{"line":39,"column":null}},"10":{"start":{"line":41,"column":3},"end":{"line":41,"column":null}},"11":{"start":{"line":42,"column":3},"end":{"line":42,"column":null}},"12":{"start":{"line":44,"column":3},"end":{"line":44,"column":null}},"13":{"start":{"line":45,"column":3},"end":{"line":45,"column":null}},"14":{"start":{"line":47,"column":3},"end":{"line":47,"column":null}},"15":{"start":{"line":48,"column":3},"end":{"line":48,"column":null}},"16":{"start":{"line":50,"column":3},"end":{"line":50,"column":null}},"17":{"start":{"line":51,"column":3},"end":{"line":51,"column":null}},"18":{"start":{"line":55,"column":3},"end":{"line":55,"column":null}},"19":{"start":{"line":59,"column":1},"end":{"line":59,"column":null}},"20":{"start":{"line":62,"column":1},"end":{"line":62,"column":null}},"21":{"start":{"line":62,"column":33},"end":{"line":62,"column":45}}},"fnMap":{"0":{"name":"buildDirectives","decl":{"start":{"line":18,"column":16},"end":{"line":18,"column":null}},"loc":{"start":{"line":21,"column":12},"end":{"line":63,"column":null}},"line":21},"1":{"name":"(anonymous_1)","decl":{"start":{"line":62,"column":26},"end":{"line":62,"column":27}},"loc":{"start":{"line":62,"column":33},"end":{"line":62,"column":45}},"line":62}},"branchMap":{"0":{"loc":{"start":{"line":22,"column":1},"end":{"line":22,"column":null}},"type":"if","locations":[{"start":{"line":22,"column":1},"end":{"line":22,"column":null}},{"start":{},"end":{}}],"line":22},"1":{"loc":{"start":{"line":33,"column":1},"end":{"line":56,"column":null}},"type":"switch","locations":[{"start":{"line":34,"column":2},"end":{"line":36,"column":null}},{"start":{"line":37,"column":2},"end":{"line":39,"column":null}},{"start":{"line":40,"column":2},"end":{"line":42,"column":null}},{"start":{"line":43,"column":2},"end":{"line":45,"column":null}},{"start":{"line":46,"column":2},"end":{"line":48,"column":null}},{"start":{"line":49,"column":2},"end":{"line":51,"column":null}},{"start":{"line":52,"column":2},"end":{"line":52,"column":null}},{"start":{"line":53,"column":2},"end":{"line":55,"column":null}}],"line":33}},"s":{"0":56,"1":32,"2":24,"3":24,"4":24,"5":24,"6":0,"7":0,"8":1,"9":1,"10":4,"11":4,"12":10,"13":10,"14":0,"15":0,"16":2,"17":2,"18":7,"19":24,"20":24,"21":45},"f":{"0":56,"1":45},"b":{"0":[32,24],"1":[0,1,4,10,0,2,7,7]},"meta":{"lastBranch":2,"lastFunction":2,"lastStatement":22,"seen":{"f:18:16:18:Infinity":0,"b:22:1:22:Infinity:undefined:undefined:undefined:undefined":0,"s:22:1:22:Infinity":0,"s:22:15:22:Infinity":1,"s:24:30:24:Infinity":2,"s:27:1:27:Infinity":3,"s:30:1:30:Infinity":4,"b:34:2:36:Infinity:37:2:39:Infinity:40:2:42:Infinity:43:2:45:Infinity:46:2:48:Infinity:49:2:51:Infinity:52:2:52:Infinity:53:2:55:Infinity":1,"s:33:1:56:Infinity":5,"s:35:3:35:Infinity":6,"s:36:3:36:Infinity":7,"s:38:3:38:Infinity":8,"s:39:3:39:Infinity":9,"s:41:3:41:Infinity":10,"s:42:3:42:Infinity":11,"s:44:3:44:Infinity":12,"s:45:3:45:Infinity":13,"s:47:3:47:Infinity":14,"s:48:3:48:Infinity":15,"s:50:3:50:Infinity":16,"s:51:3:51:Infinity":17,"s:55:3:55:Infinity":18,"s:59:1:59:Infinity":19,"s:62:1:62:Infinity":20,"f:62:26:62:27":1,"s:62:33:62:45":21}}}
,"D:\\docker-dev\\shadowquillapp\\src\\lib\\prompt-directives\\marketing.ts": {"path":"D:\\docker-dev\\shadowquillapp\\src\\lib\\prompt-directives\\marketing.ts","statementMap":{"0":{"start":{"line":7,"column":30},"end":{"line":7,"column":null}},"1":{"start":{"line":9,"column":1},"end":{"line":22,"column":null}},"2":{"start":{"line":10,"column":50},"end":{"line":17,"column":null}},"3":{"start":{"line":18,"column":2},"end":{"line":21,"column":null}},"4":{"start":{"line":24,"column":1},"end":{"line":31,"column":null}},"5":{"start":{"line":25,"column":46},"end":{"line":29,"column":null}},"6":{"start":{"line":30,"column":2},"end":{"line":30,"column":null}},"7":{"start":{"line":33,"column":1},"end":{"line":35,"column":null}},"8":{"start":{"line":34,"column":2},"end":{"line":34,"column":null}},"9":{"start":{"line":37,"column":1},"end":{"line":39,"column":null}},"10":{"start":{"line":38,"column":2},"end":{"line":38,"column":null}},"11":{"start":{"line":41,"column":1},"end":{"line":41,"column":null}}},"fnMap":{"0":{"name":"buildMarketingDirectives","decl":{"start":{"line":6,"column":16},"end":{"line":6,"column":41}},"loc":{"start":{"line":6,"column":79},"end":{"line":42,"column":null}},"line":6}},"branchMap":{"0":{"loc":{"start":{"line":9,"column":1},"end":{"line":22,"column":null}},"type":"if","locations":[{"start":{"line":9,"column":1},"end":{"line":22,"column":null}},{"start":{},"end":{}}],"line":9},"1":{"loc":{"start":{"line":19,"column":3},"end":{"line":20,"column":null}},"type":"binary-expr","locations":[{"start":{"line":19,"column":3},"end":{"line":19,"column":null}},{"start":{"line":20,"column":4},"end":{"line":20,"column":null}}],"line":19},"2":{"loc":{"start":{"line":24,"column":1},"end":{"line":31,"column":null}},"type":"if","locations":[{"start":{"line":24,"column":1},"end":{"line":31,"column":null}},{"start":{},"end":{}}],"line":24},"3":{"loc":{"start":{"line":30,"column":18},"end":{"line":30,"column":53}},"type":"binary-expr","locations":[{"start":{"line":30,"column":18},"end":{"line":30,"column":51}},{"start":{"line":30,"column":51},"end":{"line":30,"column":53}}],"line":30},"4":{"loc":{"start":{"line":33,"column":1},"end":{"line":35,"column":null}},"type":"if","locations":[{"start":{"line":33,"column":1},"end":{"line":35,"column":null}},{"start":{},"end":{}}],"line":33},"5":{"loc":{"start":{"line":37,"column":1},"end":{"line":39,"column":null}},"type":"if","locations":[{"start":{"line":37,"column":1},"end":{"line":39,"column":null}},{"start":{},"end":{}}],"line":37}},"s":{"0":6,"1":6,"2":2,"3":2,"4":6,"5":2,"6":2,"7":6,"8":1,"9":6,"10":1,"11":6},"f":{"0":6},"b":{"0":[2,4],"1":[2,0],"2":[2,4],"3":[2,0],"4":[1,5],"5":[1,5]},"meta":{"lastBranch":6,"lastFunction":1,"lastStatement":12,"seen":{"f:6:16:6:41":0,"s:7:30:7:Infinity":0,"b:9:1:22:Infinity:undefined:undefined:undefined:undefined":0,"s:9:1:22:Infinity":1,"s:10:50:17:Infinity":2,"s:18:2:21:Infinity":3,"b:19:3:19:Infinity:20:4:20:Infinity":1,"b:24:1:31:Infinity:undefined:undefined:undefined:undefined":2,"s:24:1:31:Infinity":4,"s:25:46:29:Infinity":5,"s:30:2:30:Infinity":6,"b:30:18:30:51:30:51:30:53":3,"b:33:1:35:Infinity:undefined:undefined:undefined:undefined":4,"s:33:1:35:Infinity":7,"s:34:2:34:Infinity":8,"b:37:1:39:Infinity:undefined:undefined:undefined:undefined":5,"s:37:1:39:Infinity":9,"s:38:2:38:Infinity":10,"s:41:1:41:Infinity":11}}}
,"D:\\docker-dev\\shadowquillapp\\src\\lib\\prompt-directives\\research.ts": {"path":"D:\\docker-dev\\shadowquillapp\\src\\lib\\prompt-directives\\research.ts","statementMap":{"0":{"start":{"line":7,"column":30},"end":{"line":7,"column":null}},"1":{"start":{"line":9,"column":1},"end":{"line":11,"column":null}},"2":{"start":{"line":13,"column":1},"end":{"line":19,"column":null}},"3":{"start":{"line":14,"column":2},"end":{"line":18,"column":null}},"4":{"start":{"line":21,"column":1},"end":{"line":21,"column":null}}},"fnMap":{"0":{"name":"buildResearchDirectives","decl":{"start":{"line":6,"column":16},"end":{"line":6,"column":40}},"loc":{"start":{"line":6,"column":78},"end":{"line":22,"column":null}},"line":6}},"branchMap":{"0":{"loc":{"start":{"line":13,"column":1},"end":{"line":19,"column":null}},"type":"if","locations":[{"start":{"line":13,"column":1},"end":{"line":19,"column":null}},{"start":{},"end":{}}],"line":13},"1":{"loc":{"start":{"line":15,"column":3},"end":{"line":17,"column":null}},"type":"cond-expr","locations":[{"start":{"line":16,"column":6},"end":{"line":16,"column":null}},{"start":{"line":17,"column":6},"end":{"line":17,"column":null}}],"line":15}},"s":{"0":2,"1":2,"2":2,"3":2,"4":2},"f":{"0":2},"b":{"0":[2,0],"1":[1,1]},"meta":{"lastBranch":2,"lastFunction":1,"lastStatement":5,"seen":{"f:6:16:6:40":0,"s:7:30:7:Infinity":0,"s:9:1:11:Infinity":1,"b:13:1:19:Infinity:undefined:undefined:undefined:undefined":0,"s:13:1:19:Infinity":2,"s:14:2:18:Infinity":3,"b:16:6:16:Infinity:17:6:17:Infinity":1,"s:21:1:21:Infinity":4}}}
,"D:\\docker-dev\\shadowquillapp\\src\\lib\\prompt-directives\\video.ts": {"path":"D:\\docker-dev\\shadowquillapp\\src\\lib\\prompt-directives\\video.ts","statementMap":{"0":{"start":{"line":7,"column":30},"end":{"line":7,"column":null}},"1":{"start":{"line":9,"column":1},"end":{"line":11,"column":null}},"2":{"start":{"line":10,"column":2},"end":{"line":10,"column":null}},"3":{"start":{"line":13,"column":1},"end":{"line":15,"column":null}},"4":{"start":{"line":14,"column":2},"end":{"line":14,"column":null}},"5":{"start":{"line":17,"column":1},"end":{"line":19,"column":null}},"6":{"start":{"line":18,"column":2},"end":{"line":18,"column":null}},"7":{"start":{"line":21,"column":1},"end":{"line":23,"column":null}},"8":{"start":{"line":22,"column":2},"end":{"line":22,"column":null}},"9":{"start":{"line":25,"column":1},"end":{"line":27,"column":null}},"10":{"start":{"line":26,"column":2},"end":{"line":26,"column":null}},"11":{"start":{"line":31,"column":2},"end":{"line":34,"column":null}},"12":{"start":{"line":33,"column":3},"end":{"line":33,"column":null}},"13":{"start":{"line":36,"column":1},"end":{"line":60,"column":null}},"14":{"start":{"line":37,"column":2},"end":{"line":51,"column":null}},"15":{"start":{"line":38,"column":50},"end":{"line":46,"column":null}},"16":{"start":{"line":47,"column":3},"end":{"line":50,"column":null}},"17":{"start":{"line":52,"column":2},"end":{"line":54,"column":null}},"18":{"start":{"line":56,"column":2},"end":{"line":58,"column":null}},"19":{"start":{"line":57,"column":3},"end":{"line":57,"column":null}},"20":{"start":{"line":59,"column":2},"end":{"line":59,"column":null}},"21":{"start":{"line":62,"column":1},"end":{"line":64,"column":null}},"22":{"start":{"line":63,"column":2},"end":{"line":63,"column":null}},"23":{"start":{"line":67,"column":1},"end":{"line":73,"column":null}},"24":{"start":{"line":68,"column":19},"end":{"line":68,"column":null}},"25":{"start":{"line":69,"column":17},"end":{"line":69,"column":null}},"26":{"start":{"line":70,"column":2},"end":{"line":72,"column":null}},"27":{"start":{"line":76,"column":1},"end":{"line":78,"column":null}},"28":{"start":{"line":80,"column":1},"end":{"line":80,"column":null}}},"fnMap":{"0":{"name":"buildVideoDirectives","decl":{"start":{"line":6,"column":16},"end":{"line":6,"column":37}},"loc":{"start":{"line":6,"column":75},"end":{"line":81,"column":null}},"line":6},"1":{"name":"(anonymous_1)","decl":{"start":{"line":32,"column":55},"end":{"line":32,"column":56}},"loc":{"start":{"line":33,"column":3},"end":{"line":33,"column":null}},"line":33}},"branchMap":{"0":{"loc":{"start":{"line":9,"column":1},"end":{"line":11,"column":null}},"type":"if","locations":[{"start":{"line":9,"column":1},"end":{"line":11,"column":null}},{"start":{},"end":{}}],"line":9},"1":{"loc":{"start":{"line":13,"column":1},"end":{"line":15,"column":null}},"type":"if","locations":[{"start":{"line":13,"column":1},"end":{"line":15,"column":null}},{"start":{},"end":{}}],"line":13},"2":{"loc":{"start":{"line":17,"column":1},"end":{"line":19,"column":null}},"type":"if","locations":[{"start":{"line":17,"column":1},"end":{"line":19,"column":null}},{"start":{},"end":{}}],"line":17},"3":{"loc":{"start":{"line":21,"column":1},"end":{"line":23,"column":null}},"type":"if","locations":[{"start":{"line":21,"column":1},"end":{"line":23,"column":null}},{"start":{},"end":{}}],"line":21},"4":{"loc":{"start":{"line":25,"column":1},"end":{"line":27,"column":null}},"type":"if","locations":[{"start":{"line":25,"column":1},"end":{"line":27,"column":null}},{"start":{},"end":{}}],"line":25},"5":{"loc":{"start":{"line":31,"column":2},"end":{"line":34,"column":null}},"type":"binary-expr","locations":[{"start":{"line":31,"column":2},"end":{"line":31,"column":null}},{"start":{"line":32,"column":2},"end":{"line":34,"column":null}}],"line":31},"6":{"loc":{"start":{"line":36,"column":1},"end":{"line":60,"column":null}},"type":"if","locations":[{"start":{"line":36,"column":1},"end":{"line":60,"column":null}},{"start":{"line":55,"column":8},"end":{"line":60,"column":null}}],"line":36},"7":{"loc":{"start":{"line":37,"column":2},"end":{"line":51,"column":null}},"type":"if","locations":[{"start":{"line":37,"column":2},"end":{"line":51,"column":null}},{"start":{},"end":{}}],"line":37},"8":{"loc":{"start":{"line":48,"column":4},"end":{"line":49,"column":null}},"type":"binary-expr","locations":[{"start":{"line":48,"column":4},"end":{"line":48,"column":null}},{"start":{"line":49,"column":5},"end":{"line":49,"column":null}}],"line":48},"9":{"loc":{"start":{"line":56,"column":2},"end":{"line":58,"column":null}},"type":"if","locations":[{"start":{"line":56,"column":2},"end":{"line":58,"column":null}},{"start":{},"end":{}}],"line":56},"10":{"loc":{"start":{"line":62,"column":1},"end":{"line":64,"column":null}},"type":"if","locations":[{"start":{"line":62,"column":1},"end":{"line":64,"column":null}},{"start":{},"end":{}}],"line":62},"11":{"loc":{"start":{"line":67,"column":1},"end":{"line":73,"column":null}},"type":"if","locations":[{"start":{"line":67,"column":1},"end":{"line":73,"column":null}},{"start":{},"end":{}}],"line":67},"12":{"loc":{"start":{"line":68,"column":19},"end":{"line":68,"column":null}},"type":"binary-expr","locations":[{"start":{"line":68,"column":19},"end":{"line":68,"column":46}},{"start":{"line":68,"column":46},"end":{"line":68,"column":null}}],"line":68},"13":{"loc":{"start":{"line":69,"column":17},"end":{"line":69,"column":null}},"type":"cond-expr","locations":[{"start":{"line":69,"column":34},"end":{"line":69,"column":60}},{"start":{"line":69,"column":60},"end":{"line":69,"column":null}}],"line":69}},"s":{"0":7,"1":7,"2":2,"3":7,"4":0,"5":7,"6":0,"7":7,"8":2,"9":7,"10":2,"11":7,"12":8,"13":7,"14":0,"15":0,"16":0,"17":0,"18":7,"19":2,"20":7,"21":7,"22":2,"23":7,"24":2,"25":2,"26":2,"27":7,"28":7},"f":{"0":7,"1":8},"b":{"0":[2,5],"1":[0,7],"2":[0,7],"3":[2,5],"4":[2,5],"5":[7,2],"6":[0,7],"7":[0,0],"8":[0,0],"9":[2,5],"10":[2,5],"11":[2,5],"12":[2,1],"13":[1,1]},"meta":{"lastBranch":14,"lastFunction":2,"lastStatement":29,"seen":{"f:6:16:6:37":0,"s:7:30:7:Infinity":0,"b:9:1:11:Infinity:undefined:undefined:undefined:undefined":0,"s:9:1:11:Infinity":1,"s:10:2:10:Infinity":2,"b:13:1:15:Infinity:undefined:undefined:undefined:undefined":1,"s:13:1:15:Infinity":3,"s:14:2:14:Infinity":4,"b:17:1:19:Infinity:undefined:undefined:undefined:undefined":2,"s:17:1:19:Infinity":5,"s:18:2:18:Infinity":6,"b:21:1:23:Infinity:undefined:undefined:undefined:undefined":3,"s:21:1:23:Infinity":7,"s:22:2:22:Infinity":8,"b:25:1:27:Infinity:undefined:undefined:undefined:undefined":4,"s:25:1:27:Infinity":9,"s:26:2:26:Infinity":10,"s:31:2:34:Infinity":11,"b:31:2:31:Infinity:32:2:34:Infinity":5,"f:32:55:32:56":1,"s:33:3:33:Infinity":12,"b:36:1:60:Infinity:55:8:60:Infinity":6,"s:36:1:60:Infinity":13,"b:37:2:51:Infinity:undefined:undefined:undefined:undefined":7,"s:37:2:51:Infinity":14,"s:38:50:46:Infinity":15,"s:47:3:50:Infinity":16,"b:48:4:48:Infinity:49:5:49:Infinity":8,"s:52:2:54:Infinity":17,"b:56:2:58:Infinity:undefined:undefined:undefined:undefined":9,"s:56:2:58:Infinity":18,"s:57:3:57:Infinity":19,"s:59:2:59:Infinity":20,"b:62:1:64:Infinity:undefined:undefined:undefined:undefined":10,"s:62:1:64:Infinity":21,"s:63:2:63:Infinity":22,"b:67:1:73:Infinity:undefined:undefined:undefined:undefined":11,"s:67:1:73:Infinity":23,"s:68:19:68:Infinity":24,"b:68:19:68:46:68:46:68:Infinity":12,"s:69:17:69:Infinity":25,"b:69:34:69:60:69:60:69:Infinity":13,"s:70:2:72:Infinity":26,"s:76:1:78:Infinity":27,"s:80:1:80:Infinity":28}}}
,"D:\\docker-dev\\shadowquillapp\\src\\lib\\prompt-directives\\writing.ts": {"path":"D:\\docker-dev\\shadowquillapp\\src\\lib\\prompt-directives\\writing.ts","statementMap":{"0":{"start":{"line":7,"column":30},"end":{"line":7,"column":null}},"1":{"start":{"line":9,"column":1},"end":{"line":20,"column":null}},"2":{"start":{"line":10,"column":52},"end":{"line":15,"column":null}},"3":{"start":{"line":16,"column":2},"end":{"line":19,"column":null}},"4":{"start":{"line":22,"column":1},"end":{"line":29,"column":null}},"5":{"start":{"line":23,"column":41},"end":{"line":27,"column":null}},"6":{"start":{"line":28,"column":2},"end":{"line":28,"column":null}},"7":{"start":{"line":31,"column":1},"end":{"line":38,"column":null}},"8":{"start":{"line":32,"column":43},"end":{"line":36,"column":null}},"9":{"start":{"line":37,"column":2},"end":{"line":37,"column":null}},"10":{"start":{"line":40,"column":1},"end":{"line":42,"column":null}},"11":{"start":{"line":41,"column":2},"end":{"line":41,"column":null}},"12":{"start":{"line":44,"column":1},"end":{"line":46,"column":null}},"13":{"start":{"line":45,"column":2},"end":{"line":45,"column":null}},"14":{"start":{"line":48,"column":1},"end":{"line":48,"column":null}}},"fnMap":{"0":{"name":"buildWritingDirectives","decl":{"start":{"line":6,"column":16},"end":{"line":6,"column":39}},"loc":{"start":{"line":6,"column":77},"end":{"line":49,"column":null}},"line":6}},"branchMap":{"0":{"loc":{"start":{"line":9,"column":1},"end":{"line":20,"column":null}},"type":"if","locations":[{"start":{"line":9,"column":1},"end":{"line":20,"column":null}},{"start":{},"end":{}}],"line":9},"1":{"loc":{"start":{"line":17,"column":3},"end":{"line":18,"column":null}},"type":"binary-expr","locations":[{"start":{"line":17,"column":3},"end":{"line":17,"column":null}},{"start":{"line":18,"column":4},"end":{"line":18,"column":null}}],"line":17},"2":{"loc":{"start":{"line":22,"column":1},"end":{"line":29,"column":null}},"type":"if","locations":[{"start":{"line":22,"column":1},"end":{"line":29,"column":null}},{"start":{},"end":{}}],"line":22},"3":{"loc":{"start":{"line":28,"column":18},"end":{"line":28,"column":51}},"type":"binary-expr","locations":[{"start":{"line":28,"column":18},"end":{"line":28,"column":49}},{"start":{"line":28,"column":49},"end":{"line":28,"column":51}}],"line":28},"4":{"loc":{"start":{"line":31,"column":1},"end":{"line":38,"column":null}},"type":"if","locations":[{"start":{"line":31,"column":1},"end":{"line":38,"column":null}},{"start":{},"end":{}}],"line":31},"5":{"loc":{"start":{"line":37,"column":18},"end":{"line":37,"column":54}},"type":"binary-expr","locations":[{"start":{"line":37,"column":18},"end":{"line":37,"column":52}},{"start":{"line":37,"column":52},"end":{"line":37,"column":54}}],"line":37},"6":{"loc":{"start":{"line":40,"column":1},"end":{"line":42,"column":null}},"type":"if","locations":[{"start":{"line":40,"column":1},"end":{"line":42,"column":null}},{"start":{},"end":{}}],"line":40},"7":{"loc":{"start":{"line":44,"column":1},"end":{"line":46,"column":null}},"type":"if","locations":[{"start":{"line":44,"column":1},"end":{"line":46,"column":null}},{"start":{},"end":{}}],"line":44}},"s":{"0":15,"1":15,"2":1,"3":1,"4":15,"5":1,"6":1,"7":15,"8":1,"9":1,"10":15,"11":1,"12":15,"13":1,"14":15},"f":{"0":15},"b":{"0":[1,14],"1":[1,0],"2":[1,14],"3":[1,0],"4":[1,14],"5":[1,0],"6":[1,14],"7":[1,14]},"meta":{"lastBranch":8,"lastFunction":1,"lastStatement":15,"seen":{"f:6:16:6:39":0,"s:7:30:7:Infinity":0,"b:9:1:20:Infinity:undefined:undefined:undefined:undefined":0,"s:9:1:20:Infinity":1,"s:10:52:15:Infinity":2,"s:16:2:19:Infinity":3,"b:17:3:17:Infinity:18:4:18:Infinity":1,"b:22:1:29:Infinity:undefined:undefined:undefined:undefined":2,"s:22:1:29:Infinity":4,"s:23:41:27:Infinity":5,"s:28:2:28:Infinity":6,"b:28:18:28:49:28:49:28:51":3,"b:31:1:38:Infinity:undefined:undefined:undefined:undefined":4,"s:31:1:38:Infinity":7,"s:32:43:36:Infinity":8,"s:37:2:37:Infinity":9,"b:37:18:37:52:37:52:37:54":5,"b:40:1:42:Infinity:undefined:undefined:undefined:undefined":6,"s:40:1:42:Infinity":10,"s:41:2:41:Infinity":11,"b:44:1:46:Infinity:undefined:undefined:undefined:undefined":7,"s:44:1:46:Infinity":12,"s:45:2:45:Infinity":13,"s:48:1:48:Infinity":14}}}
}
